# JRE version: OpenJDK Runtime Environment (21.0.3) (build 21.0.3+-12282718-b509.11)
# Java VM: OpenJDK 64-Bit Server VM (21.0.3+-12282718-b509.11, mixed mode, tiered, compressed oops, compressed class ptrs, g1 gc, windows-amd64)
GC Precious Log:
 CardTable entry size: 512
 Card Set container configuration: InlinePtr #cards 4 size 8 Array Of Cards #cards 16 size 48 Howl #buckets 8 coarsen threshold 3686 Howl Bitmap #cards 512 size 80 coarsen threshold 460 Card regions per heap region 1 cards per card region 4096
 CPUs: 2 total, 2 available
 Memory: 3976M
 Large Page Support: Disabled
 NUMA Support: Disabled
 Compressed Oops: Enabled (Zero based)
 Heap Region Size: 2M
 Heap Min Capacity: 8M
 Heap Initial Capacity: 64M
 Heap Max Capacity: 4G
 Pre-touch: Disabled
 Parallel Workers: 2
 Concurrent Workers: 1
 Concurrent Refinement Workers: 2
 Periodic GC: Disabled
Heap:
 garbage-first heap   total 458752K, used 96988K [0x0000000700000000, 0x0000000800000000)
  region size 2048K, 1 young (2048K), 1 survivors (2048K)
 Metaspace       used 64418K, committed 65920K, reserved 1114112K
  class space    used 8742K, committed 9472K, reserved 1048576K
GC Heap History (20 events):
Event: 1039.122 GC heap after
{Heap after GC invocations=69 (full 0):
 garbage-first heap   total 229376K, used 85752K [0x0000000700000000, 0x0000000800000000)
  region size 2048K, 1 young (2048K), 1 survivors (2048K)
 Metaspace       used 64132K, committed 65664K, reserved 1114112K
  class space    used 8716K, committed 9472K, reserved 1048576K
}
Event: 1040.494 GC heap before
{Heap before GC invocations=69 (full 0):
 garbage-first heap   total 229376K, used 93944K [0x0000000700000000, 0x0000000800000000)
  region size 2048K, 5 young (10240K), 1 survivors (2048K)
 Metaspace       used 64132K, committed 65664K, reserved 1114112K
  class space    used 8716K, committed 9472K, reserved 1048576K
}
Event: 1040.570 GC heap after
{Heap after GC invocations=70 (full 0):
 garbage-first heap   total 458752K, used 86081K [0x0000000700000000, 0x0000000800000000)
  region size 2048K, 1 young (2048K), 1 survivors (2048K)
 Metaspace       used 64132K, committed 65664K, reserved 1114112K
  class space    used 8716K, committed 9472K, reserved 1048576K
}
Event: 1048.437 GC heap before
{Heap before GC invocations=70 (full 0):
 garbage-first heap   total 301056K, used 98369K [0x0000000700000000, 0x0000000800000000)
  region size 2048K, 7 young (14336K), 1 survivors (2048K)
 Metaspace       used 64120K, committed 65664K, reserved 1114112K
  class space    used 8713K, committed 9472K, reserved 1048576K
}
Event: 1048.453 GC heap after
{Heap after GC invocations=71 (full 0):
 garbage-first heap   total 301056K, used 86056K [0x0000000700000000, 0x0000000800000000)
  region size 2048K, 1 young (2048K), 1 survivors (2048K)
 Metaspace       used 64120K, committed 65664K, reserved 1114112K
  class space    used 8713K, committed 9472K, reserved 1048576K
}
Event: 1096.888 GC heap before
{Heap before GC invocations=72 (full 0):
 garbage-first heap   total 301056K, used 98344K [0x0000000700000000, 0x0000000800000000)
  region size 2048K, 7 young (14336K), 1 survivors (2048K)
 Metaspace       used 64384K, committed 65856K, reserved 1114112K
  class space    used 8741K, committed 9472K, reserved 1048576K
}
Event: 1096.971 GC heap after
{Heap after GC invocations=73 (full 0):
 garbage-first heap   total 301056K, used 87392K [0x0000000700000000, 0x0000000800000000)
  region size 2048K, 1 young (2048K), 1 survivors (2048K)
 Metaspace       used 64384K, committed 65856K, reserved 1114112K
  class space    used 8741K, committed 9472K, reserved 1048576K
}
Event: 1110.651 GC heap before
{Heap before GC invocations=73 (full 0):
 garbage-first heap   total 301056K, used 99680K [0x0000000700000000, 0x0000000800000000)
  region size 2048K, 7 young (14336K), 1 survivors (2048K)
 Metaspace       used 64385K, committed 65856K, reserved 1114112K
  class space    used 8741K, committed 9472K, reserved 1048576K
}
Event: 1112.557 GC heap after
{Heap after GC invocations=74 (full 0):
 garbage-first heap   total 301056K, used 86605K [0x0000000700000000, 0x0000000800000000)
  region size 2048K, 1 young (2048K), 1 survivors (2048K)
 Metaspace       used 64385K, committed 65856K, reserved 1114112K
  class space    used 8741K, committed 9472K, reserved 1048576K
}
Event: 1115.434 GC heap before
{Heap before GC invocations=74 (full 0):
 garbage-first heap   total 301056K, used 98893K [0x0000000700000000, 0x0000000800000000)
  region size 2048K, 7 young (14336K), 1 survivors (2048K)
 Metaspace       used 64387K, committed 65856K, reserved 1114112K
  class space    used 8741K, committed 9472K, reserved 1048576K
}
Event: 1115.441 GC heap after
{Heap after GC invocations=75 (full 0):
 garbage-first heap   total 301056K, used 86862K [0x0000000700000000, 0x0000000800000000)
  region size 2048K, 1 young (2048K), 1 survivors (2048K)
 Metaspace       used 64387K, committed 65856K, reserved 1114112K
  class space    used 8741K, committed 9472K, reserved 1048576K
}
Event: 1128.979 GC heap before
{Heap before GC invocations=75 (full 0):
 garbage-first heap   total 301056K, used 105294K [0x0000000700000000, 0x0000000800000000)
  region size 2048K, 7 young (14336K), 1 survivors (2048K)
 Metaspace       used 64409K, committed 65920K, reserved 1114112K
  class space    used 8741K, committed 9472K, reserved 1048576K
}
Event: 1129.048 GC heap after
{Heap after GC invocations=76 (full 0):
 garbage-first heap   total 301056K, used 94115K [0x0000000700000000, 0x0000000800000000)
  region size 2048K, 1 young (2048K), 1 survivors (2048K)
 Metaspace       used 64409K, committed 65920K, reserved 1114112K
  class space    used 8741K, committed 9472K, reserved 1048576K
}
Event: 1131.824 GC heap before
{Heap before GC invocations=76 (full 0):
 garbage-first heap   total 301056K, used 106403K [0x0000000700000000, 0x0000000800000000)
  region size 2048K, 7 young (14336K), 1 survivors (2048K)
 Metaspace       used 64415K, committed 65920K, reserved 1114112K
  class space    used 8742K, committed 9472K, reserved 1048576K
}
Event: 1133.037 GC heap after
{Heap after GC invocations=77 (full 0):
 garbage-first heap   total 301056K, used 95045K [0x0000000700000000, 0x0000000800000000)
  region size 2048K, 1 young (2048K), 1 survivors (2048K)
 Metaspace       used 64415K, committed 65920K, reserved 1114112K
  class space    used 8742K, committed 9472K, reserved 1048576K
}
Event: 1135.906 GC heap before
{Heap before GC invocations=77 (full 0):
 garbage-first heap   total 301056K, used 107333K [0x0000000700000000, 0x0000000800000000)
  region size 2048K, 7 young (14336K), 1 survivors (2048K)
 Metaspace       used 64416K, committed 65920K, reserved 1114112K
  class space    used 8742K, committed 9472K, reserved 1048576K
}
Event: 1135.915 GC heap after
{Heap after GC invocations=78 (full 0):
 garbage-first heap   total 301056K, used 95736K [0x0000000700000000, 0x0000000800000000)
  region size 2048K, 1 young (2048K), 1 survivors (2048K)
 Metaspace       used 64416K, committed 65920K, reserved 1114112K
  class space    used 8742K, committed 9472K, reserved 1048576K
}
Event: 1138.146 GC heap before
{Heap before GC invocations=78 (full 0):
 garbage-first heap   total 301056K, used 108024K [0x0000000700000000, 0x0000000800000000)
  region size 2048K, 7 young (14336K), 1 survivors (2048K)
 Metaspace       used 64418K, committed 65920K, reserved 1114112K
  class space    used 8742K, committed 9472K, reserved 1048576K
}
Event: 1138.455 GC heap after
{Heap after GC invocations=79 (full 0):
 garbage-first heap   total 301056K, used 96317K [0x0000000700000000, 0x0000000800000000)
  region size 2048K, 1 young (2048K), 1 survivors (2048K)
 Metaspace       used 64418K, committed 65920K, reserved 1114112K
  class space    used 8742K, committed 9472K, reserved 1048576K
}
Event: 1138.749 GC heap before
{Heap before GC invocations=79 (full 0):
 garbage-first heap   total 301056K, used 108605K [0x0000000700000000, 0x0000000800000000)
  region size 2048K, 7 young (14336K), 1 survivors (2048K)
 Metaspace       used 64418K, committed 65920K, reserved 1114112K
  class space    used 8742K, committed 9472K, reserved 1048576K
}

