# JRE version: OpenJDK Runtime Environment Temurin-21.0.7+6 (21.0.7+6) (build 21.0.7+6-LTS)
# Java VM: OpenJDK 64-Bit Server VM Temurin-21.0.7+6 (21.0.7+6-LTS, mixed mode, sharing, tiered, compressed oops, compressed class ptrs, g1 gc, windows-amd64)
GC Precious Log:
 CardTable entry size: 512
 Card Set container configuration: InlinePtr #cards 4 size 8 Array Of Cards #cards 16 size 48 Howl #buckets 8 coarsen threshold 3686 Howl Bitmap #cards 512 size 80 coarsen threshold 460 Card regions per heap region 1 cards per card region 4096
 CPUs: 2 total, 2 available
 Memory: 3976M
 Large Page Support: Disabled
 NUMA Support: Disabled
 Compressed Oops: Enabled (Zero based)
 Heap Region Size: 2M
 Heap Min Capacity: 8M
 Heap Initial Capacity: 64M
 Heap Max Capacity: 4G
 Pre-touch: Disabled
 Parallel Workers: 2
 Concurrent Workers: 1
 Concurrent Refinement Workers: 2
 Periodic GC: Disabled
Heap:
 garbage-first heap   total 256000K, used 199803K [0x0000000700000000, 0x0000000800000000)
  region size 2048K, 39 young (79872K), 5 survivors (10240K)
 Metaspace       used 103353K, committed 105600K, reserved 1179648K
  class space    used 14156K, committed 15296K, reserved 1048576K
GC Heap History (20 events):
Event: 299.952 GC heap before
{Heap before GC invocations=66 (full 0):
 garbage-first heap   total 194560K, used 122880K [0x0000000700000000, 0x0000000800000000)
  region size 2048K, 4 young (8192K), 1 survivors (2048K)
 Metaspace       used 98128K, committed 100352K, reserved 1179648K
  class space    used 13648K, committed 14784K, reserved 1048576K
}
Event: 299.979 GC heap after
{Heap after GC invocations=67 (full 0):
 garbage-first heap   total 194560K, used 118041K [0x0000000700000000, 0x0000000800000000)
  region size 2048K, 1 young (2048K), 1 survivors (2048K)
 Metaspace       used 98128K, committed 100352K, reserved 1179648K
  class space    used 13648K, committed 14784K, reserved 1048576K
}
Event: 302.202 GC heap before
{Heap before GC invocations=67 (full 0):
 garbage-first heap   total 194560K, used 122137K [0x0000000700000000, 0x0000000800000000)
  region size 2048K, 4 young (8192K), 1 survivors (2048K)
 Metaspace       used 98132K, committed 100352K, reserved 1179648K
  class space    used 13648K, committed 14784K, reserved 1048576K
}
Event: 302.235 GC heap after
{Heap after GC invocations=68 (full 0):
 garbage-first heap   total 194560K, used 118387K [0x0000000700000000, 0x0000000800000000)
  region size 2048K, 1 young (2048K), 1 survivors (2048K)
 Metaspace       used 98132K, committed 100352K, reserved 1179648K
  class space    used 13648K, committed 14784K, reserved 1048576K
}
Event: 323.811 GC heap before
{Heap before GC invocations=68 (full 0):
 garbage-first heap   total 194560K, used 159347K [0x0000000700000000, 0x0000000800000000)
  region size 2048K, 22 young (45056K), 1 survivors (2048K)
 Metaspace       used 98152K, committed 100416K, reserved 1179648K
  class space    used 13648K, committed 14784K, reserved 1048576K
}
Event: 323.861 GC heap after
{Heap after GC invocations=69 (full 0):
 garbage-first heap   total 194560K, used 119981K [0x0000000700000000, 0x0000000800000000)
  region size 2048K, 2 young (4096K), 2 survivors (4096K)
 Metaspace       used 98152K, committed 100416K, reserved 1179648K
  class space    used 13648K, committed 14784K, reserved 1048576K
}
Event: 334.336 GC heap before
{Heap before GC invocations=69 (full 0):
 garbage-first heap   total 194560K, used 171181K [0x0000000700000000, 0x0000000800000000)
  region size 2048K, 27 young (55296K), 2 survivors (4096K)
 Metaspace       used 98196K, committed 100416K, reserved 1179648K
  class space    used 13649K, committed 14784K, reserved 1048576K
}
Event: 334.385 GC heap after
{Heap after GC invocations=70 (full 0):
 garbage-first heap   total 194560K, used 122345K [0x0000000700000000, 0x0000000800000000)
  region size 2048K, 3 young (6144K), 3 survivors (6144K)
 Metaspace       used 98196K, committed 100416K, reserved 1179648K
  class space    used 13649K, committed 14784K, reserved 1048576K
}
Event: 351.869 GC heap before
{Heap before GC invocations=70 (full 0):
 garbage-first heap   total 194560K, used 171497K [0x0000000700000000, 0x0000000800000000)
  region size 2048K, 28 young (57344K), 3 survivors (6144K)
 Metaspace       used 98603K, committed 100864K, reserved 1179648K
  class space    used 13731K, committed 14848K, reserved 1048576K
}
Event: 351.940 GC heap after
{Heap after GC invocations=71 (full 0):
 garbage-first heap   total 194560K, used 124176K [0x0000000700000000, 0x0000000800000000)
  region size 2048K, 4 young (8192K), 4 survivors (8192K)
 Metaspace       used 98603K, committed 100864K, reserved 1179648K
  class space    used 13731K, committed 14848K, reserved 1048576K
}
Event: 363.011 GC heap before
{Heap before GC invocations=72 (full 0):
 garbage-first heap   total 212992K, used 169232K [0x0000000700000000, 0x0000000800000000)
  region size 2048K, 27 young (55296K), 4 survivors (8192K)
 Metaspace       used 98614K, committed 100864K, reserved 1179648K
  class space    used 13731K, committed 14848K, reserved 1048576K
}
Event: 363.062 GC heap after
{Heap after GC invocations=73 (full 0):
 garbage-first heap   total 212992K, used 125158K [0x0000000700000000, 0x0000000800000000)
  region size 2048K, 2 young (4096K), 2 survivors (4096K)
 Metaspace       used 98614K, committed 100864K, reserved 1179648K
  class space    used 13731K, committed 14848K, reserved 1048576K
}
Event: 363.410 GC heap before
{Heap before GC invocations=73 (full 0):
 garbage-first heap   total 212992K, used 131302K [0x0000000700000000, 0x0000000800000000)
  region size 2048K, 5 young (10240K), 2 survivors (4096K)
 Metaspace       used 98614K, committed 100864K, reserved 1179648K
  class space    used 13731K, committed 14848K, reserved 1048576K
}
Event: 363.443 GC heap after
{Heap after GC invocations=74 (full 0):
 garbage-first heap   total 212992K, used 123919K [0x0000000700000000, 0x0000000800000000)
  region size 2048K, 1 young (2048K), 1 survivors (2048K)
 Metaspace       used 98614K, committed 100864K, reserved 1179648K
  class space    used 13731K, committed 14848K, reserved 1048576K
}
Event: 365.043 GC heap before
{Heap before GC invocations=74 (full 0):
 garbage-first heap   total 212992K, used 142351K [0x0000000700000000, 0x0000000800000000)
  region size 2048K, 11 young (22528K), 1 survivors (2048K)
 Metaspace       used 98643K, committed 100928K, reserved 1179648K
  class space    used 13731K, committed 14848K, reserved 1048576K
}
Event: 365.067 GC heap after
{Heap after GC invocations=75 (full 0):
 garbage-first heap   total 256000K, used 124998K [0x0000000700000000, 0x0000000800000000)
  region size 2048K, 2 young (4096K), 2 survivors (4096K)
 Metaspace       used 98643K, committed 100928K, reserved 1179648K
  class space    used 13731K, committed 14848K, reserved 1048576K
}
Event: 395.694 GC heap before
{Heap before GC invocations=75 (full 0):
 garbage-first heap   total 256000K, used 225350K [0x0000000700000000, 0x0000000800000000)
  region size 2048K, 52 young (106496K), 2 survivors (4096K)
 Metaspace       used 102466K, committed 104704K, reserved 1179648K
  class space    used 14044K, committed 15168K, reserved 1048576K
}
Event: 395.786 GC heap after
{Heap after GC invocations=76 (full 0):
 garbage-first heap   total 256000K, used 129107K [0x0000000700000000, 0x0000000800000000)
  region size 2048K, 4 young (8192K), 4 survivors (8192K)
 Metaspace       used 102466K, committed 104704K, reserved 1179648K
  class space    used 14044K, committed 15168K, reserved 1048576K
}
Event: 405.036 GC heap before
{Heap before GC invocations=76 (full 0):
 garbage-first heap   total 256000K, used 223315K [0x0000000700000000, 0x0000000800000000)
  region size 2048K, 51 young (104448K), 4 survivors (8192K)
 Metaspace       used 103302K, committed 105536K, reserved 1179648K
  class space    used 14152K, committed 15296K, reserved 1048576K
}
Event: 405.092 GC heap after
{Heap after GC invocations=77 (full 0):
 garbage-first heap   total 256000K, used 132219K [0x0000000700000000, 0x0000000800000000)
  region size 2048K, 5 young (10240K), 5 survivors (10240K)
 Metaspace       used 103302K, committed 105536K, reserved 1179648K
  class space    used 14152K, committed 15296K, reserved 1048576K
}

