# JRE version: OpenJDK Runtime Environment (21.0.3) (build 21.0.3+-12282718-b509.11)
# Java VM: OpenJDK 64-Bit Server VM (21.0.3+-12282718-b509.11, mixed mode, tiered, compressed oops, compressed class ptrs, g1 gc, windows-amd64)
GC Precious Log:
 CardTable entry size: 512
 Card Set container configuration: InlinePtr #cards 4 size 8 Array Of Cards #cards 16 size 48 Howl #buckets 8 coarsen threshold 3686 Howl Bitmap #cards 512 size 80 coarsen threshold 460 Card regions per heap region 1 cards per card region 4096
 CPUs: 2 total, 2 available
 Memory: 3976M
 Large Page Support: Disabled
 NUMA Support: Disabled
 Compressed Oops: Enabled (Zero based)
 Heap Region Size: 2M
 Heap Min Capacity: 8M
 Heap Initial Capacity: 64M
 Heap Max Capacity: 4G
 Pre-touch: Disabled
 Parallel Workers: 2
 Concurrent Workers: 1
 Concurrent Refinement Workers: 2
 Periodic GC: Disabled
Heap:
 garbage-first heap   total 755712K, used 258543K [0x0000000700000000, 0x0000000800000000)
  region size 2048K, 1 young (2048K), 1 survivors (2048K)
 Metaspace       used 200872K, committed 202496K, reserved 1245184K
  class space    used 25579K, committed 26432K, reserved 1048576K
GC Heap History (20 events):
Event: 7191.600 GC heap after
{Heap after GC invocations=152 (full 1):
 garbage-first heap   total 755712K, used 233624K [0x0000000700000000, 0x0000000800000000)
  region size 2048K, 3 young (6144K), 3 survivors (6144K)
 Metaspace       used 195209K, committed 197440K, reserved 1245184K
  class space    used 24954K, committed 26432K, reserved 1048576K
}
Event: 7207.632 GC heap before
{Heap before GC invocations=152 (full 1):
 garbage-first heap   total 755712K, used 264344K [0x0000000700000000, 0x0000000800000000)
  region size 2048K, 18 young (36864K), 3 survivors (6144K)
 Metaspace       used 195210K, committed 197440K, reserved 1245184K
  class space    used 24954K, committed 26432K, reserved 1048576K
}
Event: 7207.703 GC heap after
{Heap after GC invocations=153 (full 1):
 garbage-first heap   total 755712K, used 237047K [0x0000000700000000, 0x0000000800000000)
  region size 2048K, 3 young (6144K), 3 survivors (6144K)
 Metaspace       used 195210K, committed 197440K, reserved 1245184K
  class space    used 24954K, committed 26432K, reserved 1048576K
}
Event: 7219.017 GC heap before
{Heap before GC invocations=153 (full 1):
 garbage-first heap   total 755712K, used 267767K [0x0000000700000000, 0x0000000800000000)
  region size 2048K, 18 young (36864K), 3 survivors (6144K)
 Metaspace       used 195234K, committed 197504K, reserved 1245184K
  class space    used 24954K, committed 26432K, reserved 1048576K
}
Event: 7219.086 GC heap after
{Heap after GC invocations=154 (full 1):
 garbage-first heap   total 755712K, used 238240K [0x0000000700000000, 0x0000000800000000)
  region size 2048K, 2 young (4096K), 2 survivors (4096K)
 Metaspace       used 195234K, committed 197504K, reserved 1245184K
  class space    used 24954K, committed 26432K, reserved 1048576K
}
Event: 7296.167 GC heap before
{Heap before GC invocations=154 (full 1):
 garbage-first heap   total 755712K, used 285344K [0x0000000700000000, 0x0000000800000000)
  region size 2048K, 25 young (51200K), 2 survivors (4096K)
 Metaspace       used 195288K, committed 197568K, reserved 1245184K
  class space    used 24956K, committed 26432K, reserved 1048576K
}
Event: 7296.352 GC heap after
{Heap after GC invocations=155 (full 1):
 garbage-first heap   total 755712K, used 240658K [0x0000000700000000, 0x0000000800000000)
  region size 2048K, 3 young (6144K), 3 survivors (6144K)
 Metaspace       used 195288K, committed 197568K, reserved 1245184K
  class space    used 24956K, committed 26432K, reserved 1048576K
}
Event: 7296.738 GC heap before
{Heap before GC invocations=155 (full 1):
 garbage-first heap   total 755712K, used 277522K [0x0000000700000000, 0x0000000800000000)
  region size 2048K, 20 young (40960K), 3 survivors (6144K)
 Metaspace       used 195289K, committed 197568K, reserved 1245184K
  class space    used 24956K, committed 26432K, reserved 1048576K
}
Event: 7296.902 GC heap after
{Heap after GC invocations=156 (full 1):
 garbage-first heap   total 755712K, used 265254K [0x0000000700000000, 0x0000000800000000)
  region size 2048K, 3 young (6144K), 3 survivors (6144K)
 Metaspace       used 195289K, committed 197568K, reserved 1245184K
  class space    used 24956K, committed 26432K, reserved 1048576K
}
Event: 7300.448 GC heap before
{Heap before GC invocations=156 (full 1):
 garbage-first heap   total 755712K, used 293926K [0x0000000700000000, 0x0000000800000000)
  region size 2048K, 18 young (36864K), 3 survivors (6144K)
 Metaspace       used 195305K, committed 197568K, reserved 1245184K
  class space    used 24957K, committed 26432K, reserved 1048576K
}
Event: 7300.485 GC heap after
{Heap after GC invocations=157 (full 1):
 garbage-first heap   total 755712K, used 265254K [0x0000000700000000, 0x0000000800000000)
  region size 2048K, 1 young (2048K), 1 survivors (2048K)
 Metaspace       used 195305K, committed 197568K, reserved 1245184K
  class space    used 24957K, committed 26432K, reserved 1048576K
}
Event: 7300.496 GC heap before
{Heap before GC invocations=157 (full 1):
 garbage-first heap   total 755712K, used 265254K [0x0000000700000000, 0x0000000800000000)
  region size 2048K, 2 young (4096K), 1 survivors (2048K)
 Metaspace       used 195305K, committed 197568K, reserved 1245184K
  class space    used 24957K, committed 26432K, reserved 1048576K
}
Event: 7300.579 GC heap after
{Heap after GC invocations=158 (full 1):
 garbage-first heap   total 755712K, used 265545K [0x0000000700000000, 0x0000000800000000)
  region size 2048K, 2 young (4096K), 2 survivors (4096K)
 Metaspace       used 195305K, committed 197568K, reserved 1245184K
  class space    used 24957K, committed 26432K, reserved 1048576K
}
Event: 7329.461 GC heap before
{Heap before GC invocations=158 (full 1):
 garbage-first heap   total 755712K, used 283977K [0x0000000700000000, 0x0000000800000000)
  region size 2048K, 18 young (36864K), 2 survivors (4096K)
 Metaspace       used 195579K, committed 197760K, reserved 1245184K
  class space    used 24999K, committed 26432K, reserved 1048576K
}
Event: 7329.580 GC heap after
{Heap after GC invocations=159 (full 1):
 garbage-first heap   total 755712K, used 252514K [0x0000000700000000, 0x0000000800000000)
  region size 2048K, 3 young (6144K), 3 survivors (6144K)
 Metaspace       used 195579K, committed 197760K, reserved 1245184K
  class space    used 24999K, committed 26432K, reserved 1048576K
}
Event: 7330.453 GC heap before
{Heap before GC invocations=160 (full 1):
 garbage-first heap   total 755712K, used 285282K [0x0000000700000000, 0x0000000800000000)
  region size 2048K, 18 young (36864K), 3 survivors (6144K)
 Metaspace       used 195582K, committed 197760K, reserved 1245184K
  class space    used 24999K, committed 26432K, reserved 1048576K
}
Event: 7330.530 GC heap after
{Heap after GC invocations=161 (full 1):
 garbage-first heap   total 755712K, used 263206K [0x0000000700000000, 0x0000000800000000)
  region size 2048K, 3 young (6144K), 3 survivors (6144K)
 Metaspace       used 195582K, committed 197760K, reserved 1245184K
  class space    used 24999K, committed 26432K, reserved 1048576K
}
Event: 7331.775 GC heap before
{Heap before GC invocations=161 (full 1):
 garbage-first heap   total 755712K, used 295974K [0x0000000700000000, 0x0000000800000000)
  region size 2048K, 18 young (36864K), 3 survivors (6144K)
 Metaspace       used 200822K, committed 202432K, reserved 1245184K
  class space    used 25572K, committed 26432K, reserved 1048576K
}
Event: 7331.816 GC heap after
{Heap after GC invocations=162 (full 1):
 garbage-first heap   total 755712K, used 269925K [0x0000000700000000, 0x0000000800000000)
  region size 2048K, 3 young (6144K), 3 survivors (6144K)
 Metaspace       used 200822K, committed 202432K, reserved 1245184K
  class space    used 25572K, committed 26432K, reserved 1048576K
}
Event: 7387.362 GC heap before
{Heap before GC invocations=162 (full 1):
 garbage-first heap   total 755712K, used 298597K [0x0000000700000000, 0x0000000800000000)
  region size 2048K, 18 young (36864K), 3 survivors (6144K)
 Metaspace       used 200872K, committed 202496K, reserved 1245184K
  class space    used 25579K, committed 26432K, reserved 1048576K
}

