# JRE version: OpenJDK Runtime Environment (21.0.3) (build 21.0.3+-12282718-b509.11)
# Java VM: OpenJDK 64-Bit Server VM (21.0.3+-12282718-b509.11, mixed mode, tiered, compressed oops, compressed class ptrs, g1 gc, windows-amd64)
GC Precious Log:
 CardTable entry size: 512
 Card Set container configuration: InlinePtr #cards 4 size 8 Array Of Cards #cards 16 size 48 Howl #buckets 8 coarsen threshold 3686 Howl Bitmap #cards 512 size 80 coarsen threshold 460 Card regions per heap region 1 cards per card region 4096
 CPUs: 2 total, 2 available
 Memory: 3976M
 Large Page Support: Disabled
 NUMA Support: Disabled
 Compressed Oops: Enabled (Zero based)
 Heap Region Size: 2M
 Heap Min Capacity: 8M
 Heap Initial Capacity: 64M
 Heap Max Capacity: 4G
 Pre-touch: Disabled
 Parallel Workers: 2
 Concurrent Workers: 1
 Concurrent Refinement Workers: 2
 Periodic GC: Disabled
Heap:
 garbage-first heap   total 862208K, used 201354K [0x0000000700000000, 0x0000000800000000)
  region size 2048K, 1 young (2048K), 1 survivors (2048K)
 Metaspace       used 175008K, committed 177472K, reserved 1245184K
  class space    used 23131K, committed 24384K, reserved 1048576K
GC Heap History (20 events):
Event: 461.937 GC heap after
{Heap after GC invocations=91 (full 0):
 garbage-first heap   total 862208K, used 192760K [0x0000000700000000, 0x0000000800000000)
  region size 2048K, 1 young (2048K), 1 survivors (2048K)
 Metaspace       used 174684K, committed 177088K, reserved 1245184K
  class space    used 23106K, committed 24320K, reserved 1048576K
}
Event: 465.220 GC heap before
{Heap before GC invocations=91 (full 0):
 garbage-first heap   total 862208K, used 233720K [0x0000000700000000, 0x0000000800000000)
  region size 2048K, 21 young (43008K), 1 survivors (2048K)
 Metaspace       used 174695K, committed 177088K, reserved 1245184K
  class space    used 23106K, committed 24320K, reserved 1048576K
}
Event: 465.327 GC heap after
{Heap after GC invocations=92 (full 0):
 garbage-first heap   total 862208K, used 191001K [0x0000000700000000, 0x0000000800000000)
  region size 2048K, 1 young (2048K), 1 survivors (2048K)
 Metaspace       used 174695K, committed 177088K, reserved 1245184K
  class space    used 23106K, committed 24320K, reserved 1048576K
}
Event: 466.159 GC heap before
{Heap before GC invocations=92 (full 0):
 garbage-first heap   total 862208K, used 231961K [0x0000000700000000, 0x0000000800000000)
  region size 2048K, 21 young (43008K), 1 survivors (2048K)
 Metaspace       used 174705K, committed 177216K, reserved 1245184K
  class space    used 23108K, committed 24384K, reserved 1048576K
}
Event: 466.169 GC heap after
{Heap after GC invocations=93 (full 0):
 garbage-first heap   total 862208K, used 191787K [0x0000000700000000, 0x0000000800000000)
  region size 2048K, 1 young (2048K), 1 survivors (2048K)
 Metaspace       used 174705K, committed 177216K, reserved 1245184K
  class space    used 23108K, committed 24384K, reserved 1048576K
}
Event: 466.531 GC heap before
{Heap before GC invocations=93 (full 0):
 garbage-first heap   total 862208K, used 232747K [0x0000000700000000, 0x0000000800000000)
  region size 2048K, 21 young (43008K), 1 survivors (2048K)
 Metaspace       used 174707K, committed 177216K, reserved 1245184K
  class space    used 23108K, committed 24384K, reserved 1048576K
}
Event: 466.550 GC heap after
{Heap after GC invocations=94 (full 0):
 garbage-first heap   total 862208K, used 192171K [0x0000000700000000, 0x0000000800000000)
  region size 2048K, 1 young (2048K), 1 survivors (2048K)
 Metaspace       used 174707K, committed 177216K, reserved 1245184K
  class space    used 23108K, committed 24384K, reserved 1048576K
}
Event: 467.907 GC heap before
{Heap before GC invocations=94 (full 0):
 garbage-first heap   total 862208K, used 257707K [0x0000000700000000, 0x0000000800000000)
  region size 2048K, 33 young (67584K), 1 survivors (2048K)
 Metaspace       used 174739K, committed 177216K, reserved 1245184K
  class space    used 23110K, committed 24384K, reserved 1048576K
}
Event: 467.918 GC heap after
{Heap after GC invocations=95 (full 0):
 garbage-first heap   total 862208K, used 191723K [0x0000000700000000, 0x0000000800000000)
  region size 2048K, 1 young (2048K), 1 survivors (2048K)
 Metaspace       used 174739K, committed 177216K, reserved 1245184K
  class space    used 23110K, committed 24384K, reserved 1048576K
}
Event: 476.736 GC heap before
{Heap before GC invocations=95 (full 0):
 garbage-first heap   total 862208K, used 312555K [0x0000000700000000, 0x0000000800000000)
  region size 2048K, 60 young (122880K), 1 survivors (2048K)
 Metaspace       used 174794K, committed 177280K, reserved 1245184K
  class space    used 23116K, committed 24384K, reserved 1048576K
}
Event: 476.751 GC heap after
{Heap after GC invocations=96 (full 0):
 garbage-first heap   total 862208K, used 193834K [0x0000000700000000, 0x0000000800000000)
  region size 2048K, 2 young (4096K), 2 survivors (4096K)
 Metaspace       used 174794K, committed 177280K, reserved 1245184K
  class space    used 23116K, committed 24384K, reserved 1048576K
}
Event: 483.183 GC heap before
{Heap before GC invocations=96 (full 0):
 garbage-first heap   total 862208K, used 316714K [0x0000000700000000, 0x0000000800000000)
  region size 2048K, 62 young (126976K), 2 survivors (4096K)
 Metaspace       used 174808K, committed 177280K, reserved 1245184K
  class space    used 23117K, committed 24384K, reserved 1048576K
}
Event: 483.294 GC heap after
{Heap after GC invocations=97 (full 0):
 garbage-first heap   total 862208K, used 193015K [0x0000000700000000, 0x0000000800000000)
  region size 2048K, 2 young (4096K), 2 survivors (4096K)
 Metaspace       used 174808K, committed 177280K, reserved 1245184K
  class space    used 23117K, committed 24384K, reserved 1048576K
}
Event: 487.224 GC heap before
{Heap before GC invocations=97 (full 0):
 garbage-first heap   total 862208K, used 383479K [0x0000000700000000, 0x0000000800000000)
  region size 2048K, 95 young (194560K), 2 survivors (4096K)
 Metaspace       used 174894K, committed 177344K, reserved 1245184K
  class space    used 23120K, committed 24384K, reserved 1048576K
}
Event: 487.246 GC heap after
{Heap after GC invocations=98 (full 0):
 garbage-first heap   total 862208K, used 195808K [0x0000000700000000, 0x0000000800000000)
  region size 2048K, 3 young (6144K), 3 survivors (6144K)
 Metaspace       used 174894K, committed 177344K, reserved 1245184K
  class space    used 23120K, committed 24384K, reserved 1048576K
}
Event: 494.420 GC heap before
{Heap before GC invocations=98 (full 0):
 garbage-first heap   total 862208K, used 390368K [0x0000000700000000, 0x0000000800000000)
  region size 2048K, 98 young (200704K), 3 survivors (6144K)
 Metaspace       used 174933K, committed 177408K, reserved 1245184K
  class space    used 23122K, committed 24384K, reserved 1048576K
}
Event: 494.445 GC heap after
{Heap after GC invocations=99 (full 0):
 garbage-first heap   total 862208K, used 195407K [0x0000000700000000, 0x0000000800000000)
  region size 2048K, 3 young (6144K), 3 survivors (6144K)
 Metaspace       used 174933K, committed 177408K, reserved 1245184K
  class space    used 23122K, committed 24384K, reserved 1048576K
}
Event: 519.563 GC heap before
{Heap before GC invocations=99 (full 0):
 garbage-first heap   total 862208K, used 490319K [0x0000000700000000, 0x0000000800000000)
  region size 2048K, 147 young (301056K), 3 survivors (6144K)
 Metaspace       used 174998K, committed 177472K, reserved 1245184K
  class space    used 23129K, committed 24384K, reserved 1048576K
}
Event: 524.438 GC heap after
{Heap after GC invocations=100 (full 0):
 garbage-first heap   total 862208K, used 200704K [0x0000000700000000, 0x0000000800000000)
  region size 2048K, 5 young (10240K), 5 survivors (10240K)
 Metaspace       used 174998K, committed 177472K, reserved 1245184K
  class space    used 23129K, committed 24384K, reserved 1048576K
}
Event: 525.492 GC heap before
{Heap before GC invocations=100 (full 0):
 garbage-first heap   total 862208K, used 233472K [0x0000000700000000, 0x0000000800000000)
  region size 2048K, 21 young (43008K), 5 survivors (10240K)
 Metaspace       used 175008K, committed 177472K, reserved 1245184K
  class space    used 23131K, committed 24384K, reserved 1048576K
}

