# JRE version: OpenJDK Runtime Environment (21.0.3) (build 21.0.3+-12282718-b509.11)
# Java VM: OpenJDK 64-Bit Server VM (21.0.3+-12282718-b509.11, mixed mode, tiered, compressed oops, compressed class ptrs, g1 gc, windows-amd64)
GC Precious Log:
 CardTable entry size: 512
 Card Set container configuration: InlinePtr #cards 4 size 8 Array Of Cards #cards 16 size 48 Howl #buckets 8 coarsen threshold 3686 Howl Bitmap #cards 512 size 80 coarsen threshold 460 Card regions per heap region 1 cards per card region 4096
 CPUs: 2 total, 2 available
 Memory: 3976M
 Large Page Support: Disabled
 NUMA Support: Disabled
 Compressed Oops: Enabled (Zero based)
 Heap Region Size: 2M
 Heap Min Capacity: 8M
 Heap Initial Capacity: 64M
 Heap Max Capacity: 4G
 Pre-touch: Disabled
 Parallel Workers: 2
 Concurrent Workers: 1
 Concurrent Refinement Workers: 2
 Periodic GC: Disabled
Heap:
 garbage-first heap   total 253952K, used 93268K [0x0000000700000000, 0x0000000800000000)
  region size 2048K, 1 young (2048K), 1 survivors (2048K)
 Metaspace       used 89733K, committed 91520K, reserved 1179648K
  class space    used 12352K, committed 13248K, reserved 1048576K
GC Heap History (20 events):
Event: 145.885 GC heap after
{Heap after GC invocations=36 (full 0):
 garbage-first heap   total 104448K, used 58690K [0x0000000700000000, 0x0000000800000000)
  region size 2048K, 1 young (2048K), 1 survivors (2048K)
 Metaspace       used 77954K, committed 79680K, reserved 1179648K
  class space    used 10462K, committed 11328K, reserved 1048576K
}
Event: 231.807 GC heap before
{Heap before GC invocations=37 (full 0):
 garbage-first heap   total 106496K, used 89410K [0x0000000700000000, 0x0000000800000000)
  region size 2048K, 17 young (34816K), 1 survivors (2048K)
 Metaspace       used 83735K, committed 85504K, reserved 1179648K
  class space    used 11495K, committed 12352K, reserved 1048576K
}
Event: 232.267 GC heap after
{Heap after GC invocations=38 (full 0):
 garbage-first heap   total 106496K, used 59233K [0x0000000700000000, 0x0000000800000000)
  region size 2048K, 1 young (2048K), 1 survivors (2048K)
 Metaspace       used 83735K, committed 85504K, reserved 1179648K
  class space    used 11495K, committed 12352K, reserved 1048576K
}
Event: 235.883 GC heap before
{Heap before GC invocations=38 (full 0):
 garbage-first heap   total 106496K, used 98145K [0x0000000700000000, 0x0000000800000000)
  region size 2048K, 18 young (36864K), 1 survivors (2048K)
 Metaspace       used 85855K, committed 87744K, reserved 1179648K
  class space    used 11904K, committed 12800K, reserved 1048576K
}
Event: 236.033 GC heap after
{Heap after GC invocations=39 (full 0):
 garbage-first heap   total 112640K, used 73091K [0x0000000700000000, 0x0000000800000000)
  region size 2048K, 3 young (6144K), 3 survivors (6144K)
 Metaspace       used 85855K, committed 87744K, reserved 1179648K
  class space    used 11904K, committed 12800K, reserved 1048576K
}
Event: 236.067 GC heap before
{Heap before GC invocations=39 (full 0):
 garbage-first heap   total 112640K, used 75139K [0x0000000700000000, 0x0000000800000000)
  region size 2048K, 4 young (8192K), 3 survivors (6144K)
 Metaspace       used 85855K, committed 87744K, reserved 1179648K
  class space    used 11904K, committed 12800K, reserved 1048576K
}
Event: 236.114 GC heap after
{Heap after GC invocations=40 (full 0):
 garbage-first heap   total 112640K, used 75425K [0x0000000700000000, 0x0000000800000000)
  region size 2048K, 1 young (2048K), 1 survivors (2048K)
 Metaspace       used 85855K, committed 87744K, reserved 1179648K
  class space    used 11904K, committed 12800K, reserved 1048576K
}
Event: 236.231 GC heap before
{Heap before GC invocations=40 (full 0):
 garbage-first heap   total 112640K, used 77473K [0x0000000700000000, 0x0000000800000000)
  region size 2048K, 2 young (4096K), 1 survivors (2048K)
 Metaspace       used 85861K, committed 87744K, reserved 1179648K
  class space    used 11905K, committed 12800K, reserved 1048576K
}
Event: 236.246 GC heap after
{Heap after GC invocations=41 (full 0):
 garbage-first heap   total 253952K, used 77514K [0x0000000700000000, 0x0000000800000000)
  region size 2048K, 1 young (2048K), 1 survivors (2048K)
 Metaspace       used 85861K, committed 87744K, reserved 1179648K
  class space    used 11905K, committed 12800K, reserved 1048576K
}
Event: 237.052 GC heap before
{Heap before GC invocations=42 (full 0):
 garbage-first heap   total 253952K, used 87754K [0x0000000700000000, 0x0000000800000000)
  region size 2048K, 6 young (12288K), 1 survivors (2048K)
 Metaspace       used 85862K, committed 87744K, reserved 1179648K
  class space    used 11905K, committed 12800K, reserved 1048576K
}
Event: 237.069 GC heap after
{Heap after GC invocations=43 (full 0):
 garbage-first heap   total 253952K, used 75508K [0x0000000700000000, 0x0000000800000000)
  region size 2048K, 1 young (2048K), 1 survivors (2048K)
 Metaspace       used 85862K, committed 87744K, reserved 1179648K
  class space    used 11905K, committed 12800K, reserved 1048576K
}
Event: 237.549 GC heap before
{Heap before GC invocations=43 (full 0):
 garbage-first heap   total 253952K, used 93940K [0x0000000700000000, 0x0000000800000000)
  region size 2048K, 10 young (20480K), 1 survivors (2048K)
 Metaspace       used 85864K, committed 87744K, reserved 1179648K
  class space    used 11905K, committed 12800K, reserved 1048576K
}
Event: 237.572 GC heap after
{Heap after GC invocations=44 (full 0):
 garbage-first heap   total 253952K, used 81439K [0x0000000700000000, 0x0000000800000000)
  region size 2048K, 2 young (4096K), 2 survivors (4096K)
 Metaspace       used 85864K, committed 87744K, reserved 1179648K
  class space    used 11905K, committed 12800K, reserved 1048576K
}
Event: 238.267 GC heap before
{Heap before GC invocations=44 (full 0):
 garbage-first heap   total 253952K, used 89631K [0x0000000700000000, 0x0000000800000000)
  region size 2048K, 6 young (12288K), 2 survivors (4096K)
 Metaspace       used 85864K, committed 87744K, reserved 1179648K
  class space    used 11905K, committed 12800K, reserved 1048576K
}
Event: 238.290 GC heap after
{Heap after GC invocations=45 (full 0):
 garbage-first heap   total 253952K, used 81920K [0x0000000700000000, 0x0000000800000000)
  region size 2048K, 1 young (2048K), 1 survivors (2048K)
 Metaspace       used 85864K, committed 87744K, reserved 1179648K
  class space    used 11905K, committed 12800K, reserved 1048576K
}
Event: 239.493 GC heap before
{Heap before GC invocations=46 (full 0):
 garbage-first heap   total 253952K, used 100352K [0x0000000700000000, 0x0000000800000000)
  region size 2048K, 8 young (16384K), 1 survivors (2048K)
 Metaspace       used 85864K, committed 87744K, reserved 1179648K
  class space    used 11905K, committed 12800K, reserved 1048576K
}
Event: 239.508 GC heap after
{Heap after GC invocations=47 (full 0):
 garbage-first heap   total 253952K, used 90510K [0x0000000700000000, 0x0000000800000000)
  region size 2048K, 1 young (2048K), 1 survivors (2048K)
 Metaspace       used 85864K, committed 87744K, reserved 1179648K
  class space    used 11905K, committed 12800K, reserved 1048576K
}
Event: 240.861 GC heap before
{Heap before GC invocations=47 (full 0):
 garbage-first heap   total 253952K, used 127374K [0x0000000700000000, 0x0000000800000000)
  region size 2048K, 20 young (40960K), 1 survivors (2048K)
 Metaspace       used 87497K, committed 89280K, reserved 1179648K
  class space    used 12118K, committed 12992K, reserved 1048576K
}
Event: 240.892 GC heap after
{Heap after GC invocations=48 (full 0):
 garbage-first heap   total 253952K, used 90858K [0x0000000700000000, 0x0000000800000000)
  region size 2048K, 3 young (6144K), 3 survivors (6144K)
 Metaspace       used 87497K, committed 89280K, reserved 1179648K
  class space    used 12118K, committed 12992K, reserved 1048576K
}
Event: 241.374 GC heap before
{Heap before GC invocations=48 (full 0):
 garbage-first heap   total 253952K, used 105194K [0x0000000700000000, 0x0000000800000000)
  region size 2048K, 10 young (20480K), 3 survivors (6144K)
 Metaspace       used 89733K, committed 91520K, reserved 1179648K
  class space    used 12352K, committed 13248K, reserved 1048576K
}

