# JRE version: OpenJDK Runtime Environment (24.0.1+9) (build 24.0.1+9-30)
# Java VM: OpenJDK 64-Bit Server VM (24.0.1+9-30, mixed mode, sharing, tiered, compressed oops, compressed class ptrs, g1 gc, windows-amd64)
GC Precious Log:
 CardTable entry size: 512
 Card Set container configuration: InlinePtr #cards 4 size 8 Array Of Cards #cards 16 size 48 Howl #buckets 8 coarsen threshold 3686 Howl Bitmap #cards 512 size 80 coarsen threshold 460 Card regions per heap region 1 cards per card region 4096
 CPUs: 2 total, 2 available
 Memory: 3976M
 Large Page Support: Disabled
 NUMA Support: Disabled
 Compressed Oops: Enabled (Zero based)
 Heap Region Size: 2M
 Heap Min Capacity: 8M
 Heap Initial Capacity: 64M
 Heap Max Capacity: 4G
 Pre-touch: Disabled
 Parallel Workers: 2
 Concurrent Workers: 1
 Concurrent Refinement Workers: 2
 Periodic GC: Disabled
Heap:
 garbage-first heap   total reserved 4194304K, committed 399360K, used 187779K [0x0000000700000000, 0x0000000800000000)
  region size 2048K, 14 young (28672K), 3 survivors (6144K)
 Metaspace       used 134312K, committed 136768K, reserved 1179648K
  class space    used 14397K, committed 15552K, reserved 1048576K
GC Heap History (20 events):
Event: 85.403 GC heap before
{Heap before GC invocations=50 (full 0):
 garbage-first heap   total reserved 4194304K, committed 212992K, used 186076K [0x0000000700000000, 0x0000000800000000)
  region size 2048K, 35 young (71680K), 5 survivors (10240K)
 Metaspace       used 109531K, committed 111744K, reserved 1179648K
  class space    used 12025K, committed 13056K, reserved 1048576K
}
Event: 85.441 GC heap after
{Heap after GC invocations=51 (full 0):
 garbage-first heap   total reserved 4194304K, committed 212992K, used 127988K [0x0000000700000000, 0x0000000800000000)
  region size 2048K, 4 young (8192K), 4 survivors (8192K)
 Metaspace       used 109531K, committed 111744K, reserved 1179648K
  class space    used 12025K, committed 13056K, reserved 1048576K
}
Event: 108.655 GC heap before
{Heap before GC invocations=51 (full 0):
 garbage-first heap   total reserved 4194304K, committed 212992K, used 189428K [0x0000000700000000, 0x0000000800000000)
  region size 2048K, 34 young (69632K), 4 survivors (8192K)
 Metaspace       used 115033K, committed 117312K, reserved 1179648K
  class space    used 12500K, committed 13568K, reserved 1048576K
}
Event: 108.723 GC heap after
{Heap after GC invocations=52 (full 0):
 garbage-first heap   total reserved 4194304K, committed 212992K, used 137201K [0x0000000700000000, 0x0000000800000000)
  region size 2048K, 5 young (10240K), 5 survivors (10240K)
 Metaspace       used 115033K, committed 117312K, reserved 1179648K
  class space    used 12500K, committed 13568K, reserved 1048576K
}
Event: 123.726 GC heap before
{Heap before GC invocations=52 (full 0):
 garbage-first heap   total reserved 4194304K, committed 212992K, used 190449K [0x0000000700000000, 0x0000000800000000)
  region size 2048K, 31 young (63488K), 5 survivors (10240K)
 Metaspace       used 120906K, committed 123200K, reserved 1179648K
  class space    used 13051K, committed 14144K, reserved 1048576K
}
Event: 123.760 GC heap after
{Heap after GC invocations=53 (full 0):
 garbage-first heap   total reserved 4194304K, committed 212992K, used 140059K [0x0000000700000000, 0x0000000800000000)
  region size 2048K, 1 young (2048K), 1 survivors (2048K)
 Metaspace       used 120906K, committed 123200K, reserved 1179648K
  class space    used 13051K, committed 14144K, reserved 1048576K
}
Event: 131.876 GC heap before
{Heap before GC invocations=54 (full 0):
 garbage-first heap   total reserved 4194304K, committed 235520K, used 191259K [0x0000000700000000, 0x0000000800000000)
  region size 2048K, 27 young (55296K), 1 survivors (2048K)
 Metaspace       used 124561K, committed 126848K, reserved 1179648K
  class space    used 13409K, committed 14464K, reserved 1048576K
}
Event: 131.895 GC heap after
{Heap after GC invocations=55 (full 0):
 garbage-first heap   total reserved 4194304K, committed 235520K, used 145907K [0x0000000700000000, 0x0000000800000000)
  region size 2048K, 4 young (8192K), 4 survivors (8192K)
 Metaspace       used 124561K, committed 126848K, reserved 1179648K
  class space    used 13409K, committed 14464K, reserved 1048576K
}
Event: 1523.093 GC heap before
{Heap before GC invocations=55 (full 0):
 garbage-first heap   total reserved 4194304K, committed 235520K, used 215539K [0x0000000700000000, 0x0000000800000000)
  region size 2048K, 36 young (73728K), 4 survivors (8192K)
 Metaspace       used 129302K, committed 131648K, reserved 1179648K
  class space    used 13920K, committed 15040K, reserved 1048576K
}
Event: 1523.786 GC heap after
{Heap after GC invocations=56 (full 0):
 garbage-first heap   total reserved 4194304K, committed 235520K, used 152127K [0x0000000700000000, 0x0000000800000000)
  region size 2048K, 2 young (4096K), 2 survivors (4096K)
 Metaspace       used 129302K, committed 131648K, reserved 1179648K
  class space    used 13920K, committed 15040K, reserved 1048576K
}
Event: 1684.747 GC heap before
{Heap before GC invocations=56 (full 0):
 garbage-first heap   total reserved 4194304K, committed 235520K, used 213567K [0x0000000700000000, 0x0000000800000000)
  region size 2048K, 33 young (67584K), 2 survivors (4096K)
 Metaspace       used 132551K, committed 134912K, reserved 1179648K
  class space    used 14263K, committed 15360K, reserved 1048576K
}
Event: 1684.972 GC heap after
{Heap after GC invocations=57 (full 0):
 garbage-first heap   total reserved 4194304K, committed 235520K, used 154461K [0x0000000700000000, 0x0000000800000000)
  region size 2048K, 3 young (6144K), 3 survivors (6144K)
 Metaspace       used 132551K, committed 134912K, reserved 1179648K
  class space    used 14263K, committed 15360K, reserved 1048576K
}
Event: 1690.056 GC heap before
{Heap before GC invocations=58 (full 0):
 garbage-first heap   total reserved 4194304K, committed 260096K, used 187229K [0x0000000700000000, 0x0000000800000000)
  region size 2048K, 19 young (38912K), 3 survivors (6144K)
 Metaspace       used 133530K, committed 135936K, reserved 1179648K
  class space    used 14373K, committed 15488K, reserved 1048576K
}
Event: 1690.176 GC heap after
{Heap after GC invocations=59 (full 0):
 garbage-first heap   total reserved 4194304K, committed 260096K, used 158233K [0x0000000700000000, 0x0000000800000000)
  region size 2048K, 3 young (6144K), 3 survivors (6144K)
 Metaspace       used 133530K, committed 135936K, reserved 1179648K
  class space    used 14373K, committed 15488K, reserved 1048576K
}
Event: 1696.395 GC heap before
{Heap before GC invocations=59 (full 0):
 garbage-first heap   total reserved 4194304K, committed 260096K, used 197145K [0x0000000700000000, 0x0000000800000000)
  region size 2048K, 23 young (47104K), 3 survivors (6144K)
 Metaspace       used 133653K, committed 136064K, reserved 1179648K
  class space    used 14373K, committed 15488K, reserved 1048576K
}
Event: 1696.729 GC heap after
{Heap after GC invocations=60 (full 0):
 garbage-first heap   total reserved 4194304K, committed 260096K, used 163547K [0x0000000700000000, 0x0000000800000000)
  region size 2048K, 3 young (6144K), 3 survivors (6144K)
 Metaspace       used 133653K, committed 136064K, reserved 1179648K
  class space    used 14373K, committed 15488K, reserved 1048576K
}
Event: 1698.253 GC heap before
{Heap before GC invocations=60 (full 0):
 garbage-first heap   total reserved 4194304K, committed 260096K, used 181979K [0x0000000700000000, 0x0000000800000000)
  region size 2048K, 12 young (24576K), 3 survivors (6144K)
 Metaspace       used 133669K, committed 136128K, reserved 1179648K
  class space    used 14373K, committed 15488K, reserved 1048576K
}
Event: 1698.414 GC heap after
{Heap after GC invocations=61 (full 0):
 garbage-first heap   total reserved 4194304K, committed 260096K, used 164130K [0x0000000700000000, 0x0000000800000000)
  region size 2048K, 1 young (2048K), 1 survivors (2048K)
 Metaspace       used 133669K, committed 136128K, reserved 1179648K
  class space    used 14373K, committed 15488K, reserved 1048576K
}
Event: 1703.008 GC heap before
{Heap before GC invocations=61 (full 0):
 garbage-first heap   total reserved 4194304K, committed 260096K, used 205090K [0x0000000700000000, 0x0000000800000000)
  region size 2048K, 21 young (43008K), 1 survivors (2048K)
 Metaspace       used 133889K, committed 136320K, reserved 1179648K
  class space    used 14373K, committed 15488K, reserved 1048576K
}
Event: 1703.037 GC heap after
{Heap after GC invocations=62 (full 0):
 garbage-first heap   total reserved 4194304K, committed 399360K, used 167299K [0x0000000700000000, 0x0000000800000000)
  region size 2048K, 3 young (6144K), 3 survivors (6144K)
 Metaspace       used 133889K, committed 136320K, reserved 1179648K
  class space    used 14373K, committed 15488K, reserved 1048576K
}

