# JRE version: OpenJDK Runtime Environment (21.0.3) (build 21.0.3+-12282718-b509.11)
# Java VM: OpenJDK 64-Bit Server VM (21.0.3+-12282718-b509.11, mixed mode, tiered, compressed oops, compressed class ptrs, g1 gc, windows-amd64)
GC Precious Log:
 CardTable entry size: 512
 Card Set container configuration: InlinePtr #cards 4 size 8 Array Of Cards #cards 16 size 48 Howl #buckets 8 coarsen threshold 3686 Howl Bitmap #cards 512 size 80 coarsen threshold 460 Card regions per heap region 1 cards per card region 4096
 CPUs: 2 total, 2 available
 Memory: 3976M
 Large Page Support: Disabled
 NUMA Support: Disabled
 Compressed Oops: Enabled (Zero based)
 Heap Region Size: 2M
 Heap Min Capacity: 8M
 Heap Initial Capacity: 64M
 Heap Max Capacity: 4G
 Pre-touch: Disabled
 Parallel Workers: 2
 Concurrent Workers: 1
 Concurrent Refinement Workers: 2
 Periodic GC: Disabled
Heap:
 garbage-first heap   total 212992K, used 76385K [0x0000000700000000, 0x0000000800000000)
  region size 2048K, 5 young (10240K), 5 survivors (10240K)
 Metaspace       used 61438K, committed 62848K, reserved 1114112K
  class space    used 8278K, committed 8960K, reserved 1048576K
GC Heap History (20 events):
Event: 138.230 GC heap after
{Heap after GC invocations=65 (full 0):
 garbage-first heap   total 176128K, used 60043K [0x0000000700000000, 0x0000000800000000)
  region size 2048K, 3 young (6144K), 3 survivors (6144K)
 Metaspace       used 61357K, committed 62720K, reserved 1114112K
  class space    used 8280K, committed 8960K, reserved 1048576K
}
Event: 139.771 GC heap before
{Heap before GC invocations=65 (full 0):
 garbage-first heap   total 176128K, used 150155K [0x0000000700000000, 0x0000000800000000)
  region size 2048K, 48 young (98304K), 3 survivors (6144K)
 Metaspace       used 61400K, committed 62784K, reserved 1114112K
  class space    used 8281K, committed 8960K, reserved 1048576K
}
Event: 139.784 GC heap after
{Heap after GC invocations=66 (full 0):
 garbage-first heap   total 176128K, used 59107K [0x0000000700000000, 0x0000000800000000)
  region size 2048K, 3 young (6144K), 3 survivors (6144K)
 Metaspace       used 61400K, committed 62784K, reserved 1114112K
  class space    used 8281K, committed 8960K, reserved 1048576K
}
Event: 140.618 GC heap before
{Heap before GC invocations=66 (full 0):
 garbage-first heap   total 176128K, used 163555K [0x0000000700000000, 0x0000000800000000)
  region size 2048K, 51 young (104448K), 3 survivors (6144K)
 Metaspace       used 61426K, committed 62784K, reserved 1114112K
  class space    used 8282K, committed 8960K, reserved 1048576K
}
Event: 140.629 GC heap after
{Heap after GC invocations=67 (full 0):
 garbage-first heap   total 176128K, used 66798K [0x0000000700000000, 0x0000000800000000)
  region size 2048K, 3 young (6144K), 3 survivors (6144K)
 Metaspace       used 61426K, committed 62784K, reserved 1114112K
  class space    used 8282K, committed 8960K, reserved 1048576K
}
Event: 141.259 GC heap before
{Heap before GC invocations=67 (full 0):
 garbage-first heap   total 176128K, used 158958K [0x0000000700000000, 0x0000000800000000)
  region size 2048K, 48 young (98304K), 3 survivors (6144K)
 Metaspace       used 61444K, committed 62848K, reserved 1114112K
  class space    used 8282K, committed 8960K, reserved 1048576K
}
Event: 141.273 GC heap after
{Heap after GC invocations=68 (full 0):
 garbage-first heap   total 176128K, used 67814K [0x0000000700000000, 0x0000000800000000)
  region size 2048K, 4 young (8192K), 4 survivors (8192K)
 Metaspace       used 61444K, committed 62848K, reserved 1114112K
  class space    used 8282K, committed 8960K, reserved 1048576K
}
Event: 142.038 GC heap before
{Heap before GC invocations=69 (full 0):
 garbage-first heap   total 176128K, used 155878K [0x0000000700000000, 0x0000000800000000)
  region size 2048K, 47 young (96256K), 4 survivors (8192K)
 Metaspace       used 61445K, committed 62848K, reserved 1114112K
  class space    used 8282K, committed 8960K, reserved 1048576K
}
Event: 142.055 GC heap after
{Heap after GC invocations=70 (full 0):
 garbage-first heap   total 176128K, used 68669K [0x0000000700000000, 0x0000000800000000)
  region size 2048K, 3 young (6144K), 3 survivors (6144K)
 Metaspace       used 61445K, committed 62848K, reserved 1114112K
  class space    used 8282K, committed 8960K, reserved 1048576K
}
Event: 142.471 GC heap before
{Heap before GC invocations=70 (full 0):
 garbage-first heap   total 176128K, used 158781K [0x0000000700000000, 0x0000000800000000)
  region size 2048K, 47 young (96256K), 3 survivors (6144K)
 Metaspace       used 61447K, committed 62848K, reserved 1114112K
  class space    used 8282K, committed 8960K, reserved 1048576K
}
Event: 142.485 GC heap after
{Heap after GC invocations=71 (full 0):
 garbage-first heap   total 212992K, used 69559K [0x0000000700000000, 0x0000000800000000)
  region size 2048K, 4 young (8192K), 4 survivors (8192K)
 Metaspace       used 61447K, committed 62848K, reserved 1114112K
  class space    used 8282K, committed 8960K, reserved 1048576K
}
Event: 143.587 GC heap before
{Heap before GC invocations=72 (full 0):
 garbage-first heap   total 212992K, used 188343K [0x0000000700000000, 0x0000000800000000)
  region size 2048K, 62 young (126976K), 4 survivors (8192K)
 Metaspace       used 61436K, committed 62848K, reserved 1114112K
  class space    used 8278K, committed 8960K, reserved 1048576K
}
Event: 143.600 GC heap after
{Heap after GC invocations=73 (full 0):
 garbage-first heap   total 212992K, used 71095K [0x0000000700000000, 0x0000000800000000)
  region size 2048K, 4 young (8192K), 4 survivors (8192K)
 Metaspace       used 61436K, committed 62848K, reserved 1114112K
  class space    used 8278K, committed 8960K, reserved 1048576K
}
Event: 144.978 GC heap before
{Heap before GC invocations=73 (full 0):
 garbage-first heap   total 212992K, used 189879K [0x0000000700000000, 0x0000000800000000)
  region size 2048K, 62 young (126976K), 4 survivors (8192K)
 Metaspace       used 61436K, committed 62848K, reserved 1114112K
  class space    used 8278K, committed 8960K, reserved 1048576K
}
Event: 144.994 GC heap after
{Heap after GC invocations=74 (full 0):
 garbage-first heap   total 212992K, used 72784K [0x0000000700000000, 0x0000000800000000)
  region size 2048K, 5 young (10240K), 5 survivors (10240K)
 Metaspace       used 61436K, committed 62848K, reserved 1114112K
  class space    used 8278K, committed 8960K, reserved 1048576K
}
Event: 146.530 GC heap before
{Heap before GC invocations=74 (full 0):
 garbage-first heap   total 212992K, used 189520K [0x0000000700000000, 0x0000000800000000)
  region size 2048K, 62 young (126976K), 5 survivors (10240K)
 Metaspace       used 61437K, committed 62848K, reserved 1114112K
  class space    used 8278K, committed 8960K, reserved 1048576K
}
Event: 146.552 GC heap after
{Heap after GC invocations=75 (full 0):
 garbage-first heap   total 212992K, used 73592K [0x0000000700000000, 0x0000000800000000)
  region size 2048K, 5 young (10240K), 5 survivors (10240K)
 Metaspace       used 61437K, committed 62848K, reserved 1114112K
  class space    used 8278K, committed 8960K, reserved 1048576K
}
Event: 146.995 GC heap before
{Heap before GC invocations=75 (full 0):
 garbage-first heap   total 212992K, used 188280K [0x0000000700000000, 0x0000000800000000)
  region size 2048K, 61 young (124928K), 5 survivors (10240K)
 Metaspace       used 61438K, committed 62848K, reserved 1114112K
  class space    used 8278K, committed 8960K, reserved 1048576K
}
Event: 147.008 GC heap after
{Heap after GC invocations=76 (full 0):
 garbage-first heap   total 212992K, used 74896K [0x0000000700000000, 0x0000000800000000)
  region size 2048K, 5 young (10240K), 5 survivors (10240K)
 Metaspace       used 61438K, committed 62848K, reserved 1114112K
  class space    used 8278K, committed 8960K, reserved 1048576K
}
Event: 147.525 GC heap before
{Heap before GC invocations=76 (full 0):
 garbage-first heap   total 212992K, used 189584K [0x0000000700000000, 0x0000000800000000)
  region size 2048K, 61 young (124928K), 5 survivors (10240K)
 Metaspace       used 61438K, committed 62848K, reserved 1114112K
  class space    used 8278K, committed 8960K, reserved 1048576K
}

