# JRE version: OpenJDK Runtime Environment Temurin-21.0.7+6 (21.0.7+6) (build 21.0.7+6-LTS)
# Java VM: OpenJDK 64-Bit Server VM Temurin-21.0.7+6 (21.0.7+6-LTS, mixed mode, sharing, tiered, compressed oops, compressed class ptrs, g1 gc, windows-amd64)
GC Precious Log:
 CardTable entry size: 512
 Card Set container configuration: InlinePtr #cards 4 size 8 Array Of Cards #cards 16 size 48 Howl #buckets 8 coarsen threshold 3686 Howl Bitmap #cards 512 size 80 coarsen threshold 460 Card regions per heap region 1 cards per card region 4096
 CPUs: 2 total, 2 available
 Memory: 3976M
 Large Page Support: Disabled
 NUMA Support: Disabled
 Compressed Oops: Enabled (Zero based)
 Heap Region Size: 2M
 Heap Min Capacity: 8M
 Heap Initial Capacity: 64M
 Heap Max Capacity: 4G
 Pre-touch: Disabled
 Parallel Workers: 2
 Concurrent Workers: 1
 Concurrent Refinement Workers: 2
 Periodic GC: Disabled
Heap:
 garbage-first heap   total 96256K, used 80718K [0x0000000700000000, 0x0000000800000000)
  region size 2048K, 17 young (34816K), 2 survivors (4096K)
 Metaspace       used 54505K, committed 56192K, reserved 1114112K
  class space    used 7623K, committed 8448K, reserved 1048576K
GC Heap History (20 events):
Event: 18.900 GC heap before
{Heap before GC invocations=16 (full 0):
 garbage-first heap   total 79872K, used 67584K [0x0000000700000000, 0x0000000800000000)
  region size 2048K, 19 young (38912K), 2 survivors (4096K)
 Metaspace       used 41197K, committed 42752K, reserved 1114112K
  class space    used 5817K, committed 6592K, reserved 1048576K
}
Event: 18.928 GC heap after
{Heap after GC invocations=17 (full 0):
 garbage-first heap   total 79872K, used 36864K [0x0000000700000000, 0x0000000800000000)
  region size 2048K, 2 young (4096K), 2 survivors (4096K)
 Metaspace       used 41197K, committed 42752K, reserved 1114112K
  class space    used 5817K, committed 6592K, reserved 1048576K
}
Event: 20.780 GC heap before
{Heap before GC invocations=17 (full 0):
 garbage-first heap   total 79872K, used 69632K [0x0000000700000000, 0x0000000800000000)
  region size 2048K, 18 young (36864K), 2 survivors (4096K)
 Metaspace       used 45567K, committed 47168K, reserved 1114112K
  class space    used 6413K, committed 7168K, reserved 1048576K
}
Event: 20.792 GC heap after
{Heap after GC invocations=18 (full 0):
 garbage-first heap   total 79872K, used 38300K [0x0000000700000000, 0x0000000800000000)
  region size 2048K, 2 young (4096K), 2 survivors (4096K)
 Metaspace       used 45567K, committed 47168K, reserved 1114112K
  class space    used 6413K, committed 7168K, reserved 1048576K
}
Event: 22.665 GC heap before
{Heap before GC invocations=18 (full 0):
 garbage-first heap   total 79872K, used 69020K [0x0000000700000000, 0x0000000800000000)
  region size 2048K, 17 young (34816K), 2 survivors (4096K)
 Metaspace       used 49467K, committed 51072K, reserved 1114112K
  class space    used 7008K, committed 7808K, reserved 1048576K
}
Event: 22.678 GC heap after
{Heap after GC invocations=19 (full 0):
 garbage-first heap   total 79872K, used 40592K [0x0000000700000000, 0x0000000800000000)
  region size 2048K, 2 young (4096K), 2 survivors (4096K)
 Metaspace       used 49467K, committed 51072K, reserved 1114112K
  class space    used 7008K, committed 7808K, reserved 1048576K
}
Event: 25.118 GC heap before
{Heap before GC invocations=19 (full 0):
 garbage-first heap   total 79872K, used 69264K [0x0000000700000000, 0x0000000800000000)
  region size 2048K, 16 young (32768K), 2 survivors (4096K)
 Metaspace       used 52213K, committed 53952K, reserved 1114112K
  class space    used 7404K, committed 8256K, reserved 1048576K
}
Event: 25.136 GC heap after
{Heap after GC invocations=20 (full 0):
 garbage-first heap   total 79872K, used 43668K [0x0000000700000000, 0x0000000800000000)
  region size 2048K, 2 young (4096K), 2 survivors (4096K)
 Metaspace       used 52213K, committed 53952K, reserved 1114112K
  class space    used 7404K, committed 8256K, reserved 1048576K
}
Event: 26.689 GC heap before
{Heap before GC invocations=21 (full 0):
 garbage-first heap   total 79872K, used 66196K [0x0000000700000000, 0x0000000800000000)
  region size 2048K, 14 young (28672K), 2 survivors (4096K)
 Metaspace       used 53160K, committed 54848K, reserved 1114112K
  class space    used 7512K, committed 8320K, reserved 1048576K
}
Event: 26.712 GC heap after
{Heap after GC invocations=22 (full 0):
 garbage-first heap   total 79872K, used 48935K [0x0000000700000000, 0x0000000800000000)
  region size 2048K, 2 young (4096K), 2 survivors (4096K)
 Metaspace       used 53160K, committed 54848K, reserved 1114112K
  class space    used 7512K, committed 8320K, reserved 1048576K
}
Event: 27.529 GC heap before
{Heap before GC invocations=22 (full 0):
 garbage-first heap   total 79872K, used 69415K [0x0000000700000000, 0x0000000800000000)
  region size 2048K, 12 young (24576K), 2 survivors (4096K)
 Metaspace       used 53329K, committed 54976K, reserved 1114112K
  class space    used 7512K, committed 8320K, reserved 1048576K
}
Event: 27.542 GC heap after
{Heap after GC invocations=23 (full 0):
 garbage-first heap   total 96256K, used 50165K [0x0000000700000000, 0x0000000800000000)
  region size 2048K, 2 young (4096K), 2 survivors (4096K)
 Metaspace       used 53329K, committed 54976K, reserved 1114112K
  class space    used 7512K, committed 8320K, reserved 1048576K
}
Event: 29.262 GC heap before
{Heap before GC invocations=23 (full 0):
 garbage-first heap   total 96256K, used 82933K [0x0000000700000000, 0x0000000800000000)
  region size 2048K, 18 young (36864K), 2 survivors (4096K)
 Metaspace       used 53734K, committed 55424K, reserved 1114112K
  class space    used 7539K, committed 8384K, reserved 1048576K
}
Event: 29.272 GC heap after
{Heap after GC invocations=24 (full 0):
 garbage-first heap   total 96256K, used 50889K [0x0000000700000000, 0x0000000800000000)
  region size 2048K, 2 young (4096K), 2 survivors (4096K)
 Metaspace       used 53734K, committed 55424K, reserved 1114112K
  class space    used 7539K, committed 8384K, reserved 1048576K
}
Event: 34.006 GC heap before
{Heap before GC invocations=25 (full 0):
 garbage-first heap   total 96256K, used 83657K [0x0000000700000000, 0x0000000800000000)
  region size 2048K, 18 young (36864K), 2 survivors (4096K)
 Metaspace       used 53794K, committed 55488K, reserved 1114112K
  class space    used 7539K, committed 8384K, reserved 1048576K
}
Event: 34.019 GC heap after
{Heap after GC invocations=26 (full 0):
 garbage-first heap   total 96256K, used 52000K [0x0000000700000000, 0x0000000800000000)
  region size 2048K, 2 young (4096K), 2 survivors (4096K)
 Metaspace       used 53794K, committed 55488K, reserved 1114112K
  class space    used 7539K, committed 8384K, reserved 1048576K
}
Event: 35.680 GC heap before
{Heap before GC invocations=26 (full 0):
 garbage-first heap   total 96256K, used 82720K [0x0000000700000000, 0x0000000800000000)
  region size 2048K, 17 young (34816K), 2 survivors (4096K)
 Metaspace       used 53801K, committed 55552K, reserved 1114112K
  class space    used 7539K, committed 8384K, reserved 1048576K
}
Event: 35.691 GC heap after
{Heap after GC invocations=27 (full 0):
 garbage-first heap   total 96256K, used 51308K [0x0000000700000000, 0x0000000800000000)
  region size 2048K, 2 young (4096K), 2 survivors (4096K)
 Metaspace       used 53801K, committed 55552K, reserved 1114112K
  class space    used 7539K, committed 8384K, reserved 1048576K
}
Event: 36.591 GC heap before
{Heap before GC invocations=27 (full 0):
 garbage-first heap   total 96256K, used 84076K [0x0000000700000000, 0x0000000800000000)
  region size 2048K, 18 young (36864K), 2 survivors (4096K)
 Metaspace       used 53807K, committed 55552K, reserved 1114112K
  class space    used 7539K, committed 8384K, reserved 1048576K
}
Event: 36.600 GC heap after
{Heap after GC invocations=28 (full 0):
 garbage-first heap   total 96256K, used 52046K [0x0000000700000000, 0x0000000800000000)
  region size 2048K, 2 young (4096K), 2 survivors (4096K)
 Metaspace       used 53807K, committed 55552K, reserved 1114112K
  class space    used 7539K, committed 8384K, reserved 1048576K
}

