# JRE version: OpenJDK Runtime Environment (21.0.3) (build 21.0.3+-12282718-b509.11)
# Java VM: OpenJDK 64-Bit Server VM (21.0.3+-12282718-b509.11, mixed mode, tiered, compressed oops, compressed class ptrs, g1 gc, windows-amd64)
GC Precious Log:
 CardTable entry size: 512
 Card Set container configuration: InlinePtr #cards 4 size 8 Array Of Cards #cards 16 size 48 Howl #buckets 8 coarsen threshold 3686 Howl Bitmap #cards 512 size 80 coarsen threshold 460 Card regions per heap region 1 cards per card region 4096
 CPUs: 2 total, 2 available
 Memory: 3976M
 Large Page Support: Disabled
 NUMA Support: Disabled
 Compressed Oops: Enabled (Zero based)
 Heap Region Size: 2M
 Heap Min Capacity: 8M
 Heap Initial Capacity: 64M
 Heap Max Capacity: 4G
 Pre-touch: Disabled
 Parallel Workers: 2
 Concurrent Workers: 1
 Concurrent Refinement Workers: 2
 Periodic GC: Disabled
Heap:
 garbage-first heap   total 249856K, used 83434K [0x0000000700000000, 0x0000000800000000)
  region size 2048K, 4 young (8192K), 4 survivors (8192K)
 Metaspace       used 63997K, committed 65472K, reserved 1114112K
  class space    used 8535K, committed 9216K, reserved 1048576K
GC Heap History (20 events):
Event: 56.898 GC heap after
{Heap after GC invocations=64 (full 0):
 garbage-first heap   total 206848K, used 67354K [0x0000000700000000, 0x0000000800000000)
  region size 2048K, 2 young (4096K), 2 survivors (4096K)
 Metaspace       used 55604K, committed 57024K, reserved 1114112K
  class space    used 7521K, committed 8192K, reserved 1048576K
}
Event: 57.469 GC heap before
{Heap before GC invocations=64 (full 0):
 garbage-first heap   total 206848K, used 192282K [0x0000000700000000, 0x0000000800000000)
  region size 2048K, 60 young (122880K), 2 survivors (4096K)
 Metaspace       used 55604K, committed 57024K, reserved 1114112K
  class space    used 7521K, committed 8192K, reserved 1048576K
}
Event: 57.477 GC heap after
{Heap after GC invocations=65 (full 0):
 garbage-first heap   total 206848K, used 76242K [0x0000000700000000, 0x0000000800000000)
  region size 2048K, 3 young (6144K), 3 survivors (6144K)
 Metaspace       used 55604K, committed 57024K, reserved 1114112K
  class space    used 7521K, committed 8192K, reserved 1048576K
}
Event: 57.863 GC heap before
{Heap before GC invocations=65 (full 0):
 garbage-first heap   total 206848K, used 186834K [0x0000000700000000, 0x0000000800000000)
  region size 2048K, 57 young (116736K), 3 survivors (6144K)
 Metaspace       used 55604K, committed 57024K, reserved 1114112K
  class space    used 7521K, committed 8192K, reserved 1048576K
}
Event: 57.874 GC heap after
{Heap after GC invocations=66 (full 0):
 garbage-first heap   total 249856K, used 78904K [0x0000000700000000, 0x0000000800000000)
  region size 2048K, 4 young (8192K), 4 survivors (8192K)
 Metaspace       used 55604K, committed 57024K, reserved 1114112K
  class space    used 7521K, committed 8192K, reserved 1048576K
}
Event: 58.881 GC heap before
{Heap before GC invocations=67 (full 0):
 garbage-first heap   total 249856K, used 220216K [0x0000000700000000, 0x0000000800000000)
  region size 2048K, 73 young (149504K), 4 survivors (8192K)
 Metaspace       used 55604K, committed 57024K, reserved 1114112K
  class space    used 7521K, committed 8192K, reserved 1048576K
}
Event: 58.892 GC heap after
{Heap after GC invocations=68 (full 0):
 garbage-first heap   total 249856K, used 79928K [0x0000000700000000, 0x0000000800000000)
  region size 2048K, 5 young (10240K), 5 survivors (10240K)
 Metaspace       used 55604K, committed 57024K, reserved 1114112K
  class space    used 7521K, committed 8192K, reserved 1048576K
}
Event: 61.444 GC heap before
{Heap before GC invocations=68 (full 0):
 garbage-first heap   total 249856K, used 225336K [0x0000000700000000, 0x0000000800000000)
  region size 2048K, 73 young (149504K), 5 survivors (10240K)
 Metaspace       used 58763K, committed 60160K, reserved 1114112K
  class space    used 8006K, committed 8704K, reserved 1048576K
}
Event: 61.461 GC heap after
{Heap after GC invocations=69 (full 0):
 garbage-first heap   total 249856K, used 74259K [0x0000000700000000, 0x0000000800000000)
  region size 2048K, 3 young (6144K), 3 survivors (6144K)
 Metaspace       used 58763K, committed 60160K, reserved 1114112K
  class space    used 8006K, committed 8704K, reserved 1048576K
}
Event: 64.866 GC heap before
{Heap before GC invocations=69 (full 0):
 garbage-first heap   total 249856K, used 221715K [0x0000000700000000, 0x0000000800000000)
  region size 2048K, 73 young (149504K), 3 survivors (6144K)
 Metaspace       used 63979K, committed 65472K, reserved 1114112K
  class space    used 8534K, committed 9216K, reserved 1048576K
}
Event: 64.893 GC heap after
{Heap after GC invocations=70 (full 0):
 garbage-first heap   total 249856K, used 86084K [0x0000000700000000, 0x0000000800000000)
  region size 2048K, 6 young (12288K), 6 survivors (12288K)
 Metaspace       used 63979K, committed 65472K, reserved 1114112K
  class space    used 8534K, committed 9216K, reserved 1048576K
}
Event: 65.920 GC heap before
{Heap before GC invocations=70 (full 0):
 garbage-first heap   total 249856K, used 221252K [0x0000000700000000, 0x0000000800000000)
  region size 2048K, 72 young (147456K), 6 survivors (12288K)
 Metaspace       used 63990K, committed 65472K, reserved 1114112K
  class space    used 8535K, committed 9216K, reserved 1048576K
}
Event: 65.940 GC heap after
{Heap after GC invocations=71 (full 0):
 garbage-first heap   total 249856K, used 86288K [0x0000000700000000, 0x0000000800000000)
  region size 2048K, 4 young (8192K), 4 survivors (8192K)
 Metaspace       used 63990K, committed 65472K, reserved 1114112K
  class space    used 8535K, committed 9216K, reserved 1048576K
}
Event: 66.903 GC heap before
{Heap before GC invocations=71 (full 0):
 garbage-first heap   total 249856K, used 225552K [0x0000000700000000, 0x0000000800000000)
  region size 2048K, 72 young (147456K), 4 survivors (8192K)
 Metaspace       used 63996K, committed 65472K, reserved 1114112K
  class space    used 8535K, committed 9216K, reserved 1048576K
}
Event: 66.915 GC heap after
{Heap after GC invocations=72 (full 0):
 garbage-first heap   total 249856K, used 86017K [0x0000000700000000, 0x0000000800000000)
  region size 2048K, 4 young (8192K), 4 survivors (8192K)
 Metaspace       used 63996K, committed 65472K, reserved 1114112K
  class space    used 8535K, committed 9216K, reserved 1048576K
}
Event: 67.812 GC heap before
{Heap before GC invocations=73 (full 0):
 garbage-first heap   total 249856K, used 223233K [0x0000000700000000, 0x0000000800000000)
  region size 2048K, 72 young (147456K), 4 survivors (8192K)
 Metaspace       used 63997K, committed 65472K, reserved 1114112K
  class space    used 8535K, committed 9216K, reserved 1048576K
}
Event: 67.827 GC heap after
{Heap after GC invocations=74 (full 0):
 garbage-first heap   total 249856K, used 84493K [0x0000000700000000, 0x0000000800000000)
  region size 2048K, 4 young (8192K), 4 survivors (8192K)
 Metaspace       used 63997K, committed 65472K, reserved 1114112K
  class space    used 8535K, committed 9216K, reserved 1048576K
}
Event: 68.478 GC heap before
{Heap before GC invocations=74 (full 0):
 garbage-first heap   total 249856K, used 225805K [0x0000000700000000, 0x0000000800000000)
  region size 2048K, 73 young (149504K), 4 survivors (8192K)
 Metaspace       used 63997K, committed 65472K, reserved 1114112K
  class space    used 8535K, committed 9216K, reserved 1048576K
}
Event: 68.492 GC heap after
{Heap after GC invocations=75 (full 0):
 garbage-first heap   total 249856K, used 82588K [0x0000000700000000, 0x0000000800000000)
  region size 2048K, 4 young (8192K), 4 survivors (8192K)
 Metaspace       used 63997K, committed 65472K, reserved 1114112K
  class space    used 8535K, committed 9216K, reserved 1048576K
}
Event: 69.144 GC heap before
{Heap before GC invocations=75 (full 0):
 garbage-first heap   total 249856K, used 223900K [0x0000000700000000, 0x0000000800000000)
  region size 2048K, 73 young (149504K), 4 survivors (8192K)
 Metaspace       used 63997K, committed 65472K, reserved 1114112K
  class space    used 8535K, committed 9216K, reserved 1048576K
}

