# JRE version: OpenJDK Runtime Environment Temurin-21.0.8+9 (21.0.8+9) (build 21.0.8+9-LTS)
# Java VM: OpenJDK 64-Bit Server VM Temurin-21.0.8+9 (21.0.8+9-LTS, mixed mode, sharing, tiered, compressed oops, compressed class ptrs, parallel gc, windows-amd64)
GC Precious Log:
 CardTable entry size: 512
 CPUs: 2 total, 2 available
 Memory: 3976M
 Large Page Support: Disabled
 NUMA Support: Disabled
 Compressed Oops: Enabled (32-bit)
 Alignments: Space 512K, Generation 512K, Heap 2M
 Heap Min Capacity: 100M
 Heap Initial Capacity: 100M
 Heap Max Capacity: 2G
 Pre-touch: Disabled
 Parallel Workers: 2
Heap:
 PSYoungGen      total 2048K, used 821K [0x00000000d5580000, 0x00000000d5980000, 0x0000000100000000)
  eden space 1536K, 47% used [0x00000000d5580000,0x00000000d56357c8,0x00000000d5700000)
  from space 512K, 18% used [0x00000000d5900000,0x00000000d5918000,0x00000000d5980000)
  to   space 1024K, 0% used [0x00000000d5780000,0x00000000d5780000,0x00000000d5880000)
 ParOldGen       total 454144K, used 453827K [0x0000000080000000, 0x000000009bb80000, 0x00000000d5580000)
  object space 454144K, 99% used [0x0000000080000000,0x000000009bb30da8,0x000000009bb80000)
 Metaspace       used 77244K, committed 78720K, reserved 1179648K
  class space    used 9428K, committed 10112K, reserved 1048576K
GC Heap History (20 events):
Event: 938.231 GC heap before
{Heap before GC invocations=904 (full 3):
 PSYoungGen      total 2048K, used 1856K [0x00000000d5580000, 0x00000000d5900000, 0x0000000100000000)
  eden space 1536K, 100% used [0x00000000d5580000,0x00000000d5700000,0x00000000d5700000)
  from space 512K, 62% used [0x00000000d5880000,0x00000000d58d0000,0x00000000d5900000)
  to   space 512K, 0% used [0x00000000d5800000,0x00000000d5800000,0x00000000d5880000)
 ParOldGen       total 449536K, used 449142K [0x0000000080000000, 0x000000009b700000, 0x00000000d5580000)
  object space 449536K, 99% used [0x0000000080000000,0x000000009b69da48,0x000000009b700000)
 Metaspace       used 76449K, committed 78016K, reserved 1179648K
  class space    used 9342K, committed 10048K, reserved 1048576K
}
Event: 938.244 GC heap after
{Heap after GC invocations=904 (full 3):
 PSYoungGen      total 2048K, used 512K [0x00000000d5580000, 0x00000000d5900000, 0x0000000100000000)
  eden space 1536K, 0% used [0x00000000d5580000,0x00000000d5580000,0x00000000d5700000)
  from space 512K, 100% used [0x00000000d5800000,0x00000000d5880000,0x00000000d5880000)
  to   space 512K, 0% used [0x00000000d5880000,0x00000000d5880000,0x00000000d5900000)
 ParOldGen       total 449536K, used 449198K [0x0000000080000000, 0x000000009b700000, 0x00000000d5580000)
  object space 449536K, 99% used [0x0000000080000000,0x000000009b6aba48,0x000000009b700000)
 Metaspace       used 76449K, committed 78016K, reserved 1179648K
  class space    used 9342K, committed 10048K, reserved 1048576K
}
Event: 938.645 GC heap before
{Heap before GC invocations=905 (full 3):
 PSYoungGen      total 2048K, used 2037K [0x00000000d5580000, 0x00000000d5900000, 0x0000000100000000)
  eden space 1536K, 99% used [0x00000000d5580000,0x00000000d56fd618,0x00000000d5700000)
  from space 512K, 100% used [0x00000000d5800000,0x00000000d5880000,0x00000000d5880000)
  to   space 512K, 0% used [0x00000000d5880000,0x00000000d5880000,0x00000000d5900000)
 ParOldGen       total 449536K, used 449198K [0x0000000080000000, 0x000000009b700000, 0x00000000d5580000)
  object space 449536K, 99% used [0x0000000080000000,0x000000009b6aba48,0x000000009b700000)
 Metaspace       used 76513K, committed 78080K, reserved 1179648K
  class space    used 9345K, committed 10048K, reserved 1048576K
}
Event: 938.653 GC heap after
{Heap after GC invocations=905 (full 3):
 PSYoungGen      total 2048K, used 352K [0x00000000d5580000, 0x00000000d5900000, 0x0000000100000000)
  eden space 1536K, 0% used [0x00000000d5580000,0x00000000d5580000,0x00000000d5700000)
  from space 512K, 68% used [0x00000000d5880000,0x00000000d58d8000,0x00000000d5900000)
  to   space 512K, 0% used [0x00000000d5800000,0x00000000d5800000,0x00000000d5880000)
 ParOldGen       total 450048K, used 449690K [0x0000000080000000, 0x000000009b780000, 0x00000000d5580000)
  object space 450048K, 99% used [0x0000000080000000,0x000000009b726990,0x000000009b780000)
 Metaspace       used 76513K, committed 78080K, reserved 1179648K
  class space    used 9345K, committed 10048K, reserved 1048576K
}
Event: 939.424 GC heap before
{Heap before GC invocations=906 (full 3):
 PSYoungGen      total 2048K, used 1888K [0x00000000d5580000, 0x00000000d5900000, 0x0000000100000000)
  eden space 1536K, 100% used [0x00000000d5580000,0x00000000d5700000,0x00000000d5700000)
  from space 512K, 68% used [0x00000000d5880000,0x00000000d58d8000,0x00000000d5900000)
  to   space 512K, 0% used [0x00000000d5800000,0x00000000d5800000,0x00000000d5880000)
 ParOldGen       total 450048K, used 449690K [0x0000000080000000, 0x000000009b780000, 0x00000000d5580000)
  object space 450048K, 99% used [0x0000000080000000,0x000000009b726990,0x000000009b780000)
 Metaspace       used 76583K, committed 78144K, reserved 1179648K
  class space    used 9349K, committed 10048K, reserved 1048576K
}
Event: 939.427 GC heap after
{Heap after GC invocations=906 (full 3):
 PSYoungGen      total 2048K, used 512K [0x00000000d5580000, 0x00000000d5900000, 0x0000000100000000)
  eden space 1536K, 0% used [0x00000000d5580000,0x00000000d5580000,0x00000000d5700000)
  from space 512K, 100% used [0x00000000d5800000,0x00000000d5880000,0x00000000d5880000)
  to   space 512K, 0% used [0x00000000d5880000,0x00000000d5880000,0x00000000d5900000)
 ParOldGen       total 450048K, used 449738K [0x0000000080000000, 0x000000009b780000, 0x00000000d5580000)
  object space 450048K, 99% used [0x0000000080000000,0x000000009b732990,0x000000009b780000)
 Metaspace       used 76583K, committed 78144K, reserved 1179648K
  class space    used 9349K, committed 10048K, reserved 1048576K
}
Event: 940.395 GC heap before
{Heap before GC invocations=907 (full 3):
 PSYoungGen      total 2048K, used 2047K [0x00000000d5580000, 0x00000000d5900000, 0x0000000100000000)
  eden space 1536K, 99% used [0x00000000d5580000,0x00000000d56fffe0,0x00000000d5700000)
  from space 512K, 100% used [0x00000000d5800000,0x00000000d5880000,0x00000000d5880000)
  to   space 512K, 0% used [0x00000000d5880000,0x00000000d5880000,0x00000000d5900000)
 ParOldGen       total 450048K, used 449738K [0x0000000080000000, 0x000000009b780000, 0x00000000d5580000)
  object space 450048K, 99% used [0x0000000080000000,0x000000009b732990,0x000000009b780000)
 Metaspace       used 76701K, committed 78208K, reserved 1179648K
  class space    used 9360K, committed 10048K, reserved 1048576K
}
Event: 940.462 GC heap after
{Heap after GC invocations=907 (full 3):
 PSYoungGen      total 2048K, used 64K [0x00000000d5580000, 0x00000000d5900000, 0x0000000100000000)
  eden space 1536K, 0% used [0x00000000d5580000,0x00000000d5580000,0x00000000d5700000)
  from space 512K, 12% used [0x00000000d5880000,0x00000000d5890000,0x00000000d5900000)
  to   space 512K, 0% used [0x00000000d5800000,0x00000000d5800000,0x00000000d5880000)
 ParOldGen       total 450048K, used 449892K [0x0000000080000000, 0x000000009b780000, 0x00000000d5580000)
  object space 450048K, 99% used [0x0000000080000000,0x000000009b759098,0x000000009b780000)
 Metaspace       used 76701K, committed 78208K, reserved 1179648K
  class space    used 9360K, committed 10048K, reserved 1048576K
}
Event: 943.878 GC heap before
{Heap before GC invocations=908 (full 3):
 PSYoungGen      total 2048K, used 1597K [0x00000000d5580000, 0x00000000d5900000, 0x0000000100000000)
  eden space 1536K, 99% used [0x00000000d5580000,0x00000000d56ff7e0,0x00000000d5700000)
  from space 512K, 12% used [0x00000000d5880000,0x00000000d5890000,0x00000000d5900000)
  to   space 512K, 0% used [0x00000000d5800000,0x00000000d5800000,0x00000000d5880000)
 ParOldGen       total 450048K, used 449892K [0x0000000080000000, 0x000000009b780000, 0x00000000d5580000)
  object space 450048K, 99% used [0x0000000080000000,0x000000009b759098,0x000000009b780000)
 Metaspace       used 76846K, committed 78336K, reserved 1179648K
  class space    used 9374K, committed 10048K, reserved 1048576K
}
Event: 943.891 GC heap after
{Heap after GC invocations=908 (full 3):
 PSYoungGen      total 2048K, used 160K [0x00000000d5580000, 0x00000000d5900000, 0x0000000100000000)
  eden space 1536K, 0% used [0x00000000d5580000,0x00000000d5580000,0x00000000d5700000)
  from space 512K, 31% used [0x00000000d5800000,0x00000000d5828020,0x00000000d5880000)
  to   space 512K, 0% used [0x00000000d5880000,0x00000000d5880000,0x00000000d5900000)
 ParOldGen       total 450048K, used 449916K [0x0000000080000000, 0x000000009b780000, 0x00000000d5580000)
  object space 450048K, 99% used [0x0000000080000000,0x000000009b75f098,0x000000009b780000)
 Metaspace       used 76846K, committed 78336K, reserved 1179648K
  class space    used 9374K, committed 10048K, reserved 1048576K
}
Event: 945.775 GC heap before
{Heap before GC invocations=909 (full 3):
 PSYoungGen      total 2048K, used 1680K [0x00000000d5580000, 0x00000000d5900000, 0x0000000100000000)
  eden space 1536K, 98% used [0x00000000d5580000,0x00000000d56fc190,0x00000000d5700000)
  from space 512K, 31% used [0x00000000d5800000,0x00000000d5828020,0x00000000d5880000)
  to   space 512K, 0% used [0x00000000d5880000,0x00000000d5880000,0x00000000d5900000)
 ParOldGen       total 450048K, used 449916K [0x0000000080000000, 0x000000009b780000, 0x00000000d5580000)
  object space 450048K, 99% used [0x0000000080000000,0x000000009b75f098,0x000000009b780000)
 Metaspace       used 76955K, committed 78464K, reserved 1179648K
  class space    used 9388K, committed 10112K, reserved 1048576K
}
Event: 945.787 GC heap after
{Heap after GC invocations=909 (full 3):
 PSYoungGen      total 2048K, used 64K [0x00000000d5580000, 0x00000000d5900000, 0x0000000100000000)
  eden space 1536K, 0% used [0x00000000d5580000,0x00000000d5580000,0x00000000d5700000)
  from space 512K, 12% used [0x00000000d5880000,0x00000000d5890000,0x00000000d5900000)
  to   space 512K, 0% used [0x00000000d5800000,0x00000000d5800000,0x00000000d5880000)
 ParOldGen       total 450560K, used 450057K [0x0000000080000000, 0x000000009b800000, 0x00000000d5580000)
  object space 450560K, 99% used [0x0000000080000000,0x000000009b782558,0x000000009b800000)
 Metaspace       used 76955K, committed 78464K, reserved 1179648K
  class space    used 9388K, committed 10112K, reserved 1048576K
}
Event: 946.223 GC heap before
{Heap before GC invocations=910 (full 3):
 PSYoungGen      total 2048K, used 1600K [0x00000000d5580000, 0x00000000d5900000, 0x0000000100000000)
  eden space 1536K, 100% used [0x00000000d5580000,0x00000000d5700000,0x00000000d5700000)
  from space 512K, 12% used [0x00000000d5880000,0x00000000d5890000,0x00000000d5900000)
  to   space 512K, 0% used [0x00000000d5800000,0x00000000d5800000,0x00000000d5880000)
 ParOldGen       total 450560K, used 450057K [0x0000000080000000, 0x000000009b800000, 0x00000000d5580000)
  object space 450560K, 99% used [0x0000000080000000,0x000000009b782558,0x000000009b800000)
 Metaspace       used 77009K, committed 78528K, reserved 1179648K
  class space    used 9399K, committed 10112K, reserved 1048576K
}
Event: 946.236 GC heap after
{Heap after GC invocations=910 (full 3):
 PSYoungGen      total 2048K, used 489K [0x00000000d5580000, 0x00000000d5a00000, 0x0000000100000000)
  eden space 1536K, 0% used [0x00000000d5580000,0x00000000d5580000,0x00000000d5700000)
  from space 512K, 95% used [0x00000000d5800000,0x00000000d587a420,0x00000000d5880000)
  to   space 1536K, 0% used [0x00000000d5880000,0x00000000d5880000,0x00000000d5a00000)
 ParOldGen       total 450560K, used 450514K [0x0000000080000000, 0x000000009b800000, 0x00000000d5580000)
  object space 450560K, 99% used [0x0000000080000000,0x000000009b7f4978,0x000000009b800000)
 Metaspace       used 77009K, committed 78528K, reserved 1179648K
  class space    used 9399K, committed 10112K, reserved 1048576K
}
Event: 946.473 GC heap before
{Heap before GC invocations=911 (full 3):
 PSYoungGen      total 2048K, used 2025K [0x00000000d5580000, 0x00000000d5a00000, 0x0000000100000000)
  eden space 1536K, 100% used [0x00000000d5580000,0x00000000d5700000,0x00000000d5700000)
  from space 512K, 95% used [0x00000000d5800000,0x00000000d587a420,0x00000000d5880000)
  to   space 1536K, 0% used [0x00000000d5880000,0x00000000d5880000,0x00000000d5a00000)
 ParOldGen       total 450560K, used 450514K [0x0000000080000000, 0x000000009b800000, 0x00000000d5580000)
  object space 450560K, 99% used [0x0000000080000000,0x000000009b7f4978,0x000000009b800000)
 Metaspace       used 77028K, committed 78528K, reserved 1179648K
  class space    used 9405K, committed 10112K, reserved 1048576K
}
Event: 946.487 GC heap after
{Heap after GC invocations=911 (full 3):
 PSYoungGen      total 3072K, used 1344K [0x00000000d5580000, 0x00000000d5a00000, 0x0000000100000000)
  eden space 1536K, 0% used [0x00000000d5580000,0x00000000d5580000,0x00000000d5700000)
  from space 1536K, 87% used [0x00000000d5880000,0x00000000d59d0000,0x00000000d5a00000)
  to   space 1536K, 0% used [0x00000000d5700000,0x00000000d5700000,0x00000000d5880000)
 ParOldGen       total 451072K, used 451011K [0x0000000080000000, 0x000000009b880000, 0x00000000d5580000)
  object space 451072K, 99% used [0x0000000080000000,0x000000009b870d98,0x000000009b880000)
 Metaspace       used 77028K, committed 78528K, reserved 1179648K
  class space    used 9405K, committed 10112K, reserved 1048576K
}
Event: 946.857 GC heap before
{Heap before GC invocations=912 (full 3):
 PSYoungGen      total 3072K, used 2880K [0x00000000d5580000, 0x00000000d5a00000, 0x0000000100000000)
  eden space 1536K, 100% used [0x00000000d5580000,0x00000000d5700000,0x00000000d5700000)
  from space 1536K, 87% used [0x00000000d5880000,0x00000000d59d0000,0x00000000d5a00000)
  to   space 1536K, 0% used [0x00000000d5700000,0x00000000d5700000,0x00000000d5880000)
 ParOldGen       total 451072K, used 451011K [0x0000000080000000, 0x000000009b880000, 0x00000000d5580000)
  object space 451072K, 99% used [0x0000000080000000,0x000000009b870d98,0x000000009b880000)
 Metaspace       used 77028K, committed 78528K, reserved 1179648K
  class space    used 9405K, committed 10112K, reserved 1048576K
}
Event: 946.956 GC heap after
{Heap after GC invocations=912 (full 3):
 PSYoungGen      total 3072K, used 1504K [0x00000000d5580000, 0x00000000d5b00000, 0x0000000100000000)
  eden space 1536K, 0% used [0x00000000d5580000,0x00000000d5580000,0x00000000d5700000)
  from space 1536K, 97% used [0x00000000d5700000,0x00000000d5878000,0x00000000d5880000)
  to   space 2048K, 0% used [0x00000000d5900000,0x00000000d5900000,0x00000000d5b00000)
 ParOldGen       total 452608K, used 452331K [0x0000000080000000, 0x000000009ba00000, 0x00000000d5580000)
  object space 452608K, 99% used [0x0000000080000000,0x000000009b9bada8,0x000000009ba00000)
 Metaspace       used 77028K, committed 78528K, reserved 1179648K
  class space    used 9405K, committed 10112K, reserved 1048576K
}
Event: 951.751 GC heap before
{Heap before GC invocations=913 (full 3):
 PSYoungGen      total 3072K, used 3038K [0x00000000d5580000, 0x00000000d5b00000, 0x0000000100000000)
  eden space 1536K, 99% used [0x00000000d5580000,0x00000000d56ffb80,0x00000000d5700000)
  from space 1536K, 97% used [0x00000000d5700000,0x00000000d5878000,0x00000000d5880000)
  to   space 2048K, 0% used [0x00000000d5900000,0x00000000d5900000,0x00000000d5b00000)
 ParOldGen       total 452608K, used 452331K [0x0000000080000000, 0x000000009ba00000, 0x00000000d5580000)
  object space 452608K, 99% used [0x0000000080000000,0x000000009b9bada8,0x000000009ba00000)
 Metaspace       used 77217K, committed 78720K, reserved 1179648K
  class space    used 9424K, committed 10112K, reserved 1048576K
}
Event: 951.769 GC heap after
{Heap after GC invocations=913 (full 3):
 PSYoungGen      total 2048K, used 96K [0x00000000d5580000, 0x00000000d5980000, 0x0000000100000000)
  eden space 1536K, 0% used [0x00000000d5580000,0x00000000d5580000,0x00000000d5700000)
  from space 512K, 18% used [0x00000000d5900000,0x00000000d5918000,0x00000000d5980000)
  to   space 1024K, 0% used [0x00000000d5780000,0x00000000d5780000,0x00000000d5880000)
 ParOldGen       total 454144K, used 453827K [0x0000000080000000, 0x000000009bb80000, 0x00000000d5580000)
  object space 454144K, 99% used [0x0000000080000000,0x000000009bb30da8,0x000000009bb80000)
 Metaspace       used 77217K, committed 78720K, reserved 1179648K
  class space    used 9424K, committed 10112K, reserved 1048576K
}

