# JRE version: OpenJDK Runtime Environment (21.0.3) (build 21.0.3+-12282718-b509.11)
# Java VM: OpenJDK 64-Bit Server VM (21.0.3+-12282718-b509.11, mixed mode, tiered, compressed oops, compressed class ptrs, g1 gc, windows-amd64)
GC Precious Log:
 CardTable entry size: 512
 Card Set container configuration: InlinePtr #cards 4 size 8 Array Of Cards #cards 16 size 48 Howl #buckets 8 coarsen threshold 3686 Howl Bitmap #cards 512 size 80 coarsen threshold 460 Card regions per heap region 1 cards per card region 4096
 CPUs: 2 total, 2 available
 Memory: 3976M
 Large Page Support: Disabled
 NUMA Support: Disabled
 Compressed Oops: Enabled (Zero based)
 Heap Region Size: 2M
 Heap Min Capacity: 8M
 Heap Initial Capacity: 64M
 Heap Max Capacity: 4G
 Pre-touch: Disabled
 Parallel Workers: 2
 Concurrent Workers: 1
 Concurrent Refinement Workers: 2
 Periodic GC: Disabled
Heap:
 garbage-first heap   total 307200K, used 127643K [0x0000000700000000, 0x0000000800000000)
  region size 2048K, 1 young (2048K), 1 survivors (2048K)
 Metaspace       used 125414K, committed 127680K, reserved 1179648K
  class space    used 16902K, committed 18048K, reserved 1048576K
GC Heap History (20 events):
Event: 277.017 GC heap after
{Heap after GC invocations=56 (full 0):
 garbage-first heap   total 198656K, used 120702K [0x0000000700000000, 0x0000000800000000)
  region size 2048K, 2 young (4096K), 2 survivors (4096K)
 Metaspace       used 119987K, committed 122240K, reserved 1179648K
  class space    used 16430K, committed 17536K, reserved 1048576K
}
Event: 284.449 GC heap before
{Heap before GC invocations=57 (full 0):
 garbage-first heap   total 212992K, used 178046K [0x0000000700000000, 0x0000000800000000)
  region size 2048K, 31 young (63488K), 2 survivors (4096K)
 Metaspace       used 120057K, committed 122240K, reserved 1179648K
  class space    used 16430K, committed 17536K, reserved 1048576K
}
Event: 284.464 GC heap after
{Heap after GC invocations=58 (full 0):
 garbage-first heap   total 212992K, used 121296K [0x0000000700000000, 0x0000000800000000)
  region size 2048K, 2 young (4096K), 2 survivors (4096K)
 Metaspace       used 120057K, committed 122240K, reserved 1179648K
  class space    used 16430K, committed 17536K, reserved 1048576K
}
Event: 290.276 GC heap before
{Heap before GC invocations=58 (full 0):
 garbage-first heap   total 212992K, used 192976K [0x0000000700000000, 0x0000000800000000)
  region size 2048K, 38 young (77824K), 2 survivors (4096K)
 Metaspace       used 120076K, committed 122304K, reserved 1179648K
  class space    used 16430K, committed 17536K, reserved 1048576K
}
Event: 290.301 GC heap after
{Heap after GC invocations=59 (full 0):
 garbage-first heap   total 212992K, used 122130K [0x0000000700000000, 0x0000000800000000)
  region size 2048K, 3 young (6144K), 3 survivors (6144K)
 Metaspace       used 120076K, committed 122304K, reserved 1179648K
  class space    used 16430K, committed 17536K, reserved 1048576K
}
Event: 320.274 GC heap before
{Heap before GC invocations=59 (full 0):
 garbage-first heap   total 212992K, used 191762K [0x0000000700000000, 0x0000000800000000)
  region size 2048K, 38 young (77824K), 3 survivors (6144K)
 Metaspace       used 123066K, committed 125248K, reserved 1179648K
  class space    used 16741K, committed 17856K, reserved 1048576K
}
Event: 320.321 GC heap after
{Heap after GC invocations=60 (full 0):
 garbage-first heap   total 212992K, used 124176K [0x0000000700000000, 0x0000000800000000)
  region size 2048K, 3 young (6144K), 3 survivors (6144K)
 Metaspace       used 123066K, committed 125248K, reserved 1179648K
  class space    used 16741K, committed 17856K, reserved 1048576K
}
Event: 329.044 GC heap before
{Heap before GC invocations=61 (full 0):
 garbage-first heap   total 212992K, used 191760K [0x0000000700000000, 0x0000000800000000)
  region size 2048K, 37 young (75776K), 3 survivors (6144K)
 Metaspace       used 123949K, committed 126208K, reserved 1179648K
  class space    used 16785K, committed 17920K, reserved 1048576K
}
Event: 329.069 GC heap after
{Heap after GC invocations=62 (full 0):
 garbage-first heap   total 212992K, used 125250K [0x0000000700000000, 0x0000000800000000)
  region size 2048K, 3 young (6144K), 3 survivors (6144K)
 Metaspace       used 123949K, committed 126208K, reserved 1179648K
  class space    used 16785K, committed 17920K, reserved 1048576K
}
Event: 362.514 GC heap before
{Heap before GC invocations=62 (full 0):
 garbage-first heap   total 212992K, used 190786K [0x0000000700000000, 0x0000000800000000)
  region size 2048K, 36 young (73728K), 3 survivors (6144K)
 Metaspace       used 124619K, committed 126848K, reserved 1179648K
  class space    used 16811K, committed 17920K, reserved 1048576K
}
Event: 363.225 GC heap after
{Heap after GC invocations=63 (full 0):
 garbage-first heap   total 212992K, used 127693K [0x0000000700000000, 0x0000000800000000)
  region size 2048K, 4 young (8192K), 4 survivors (8192K)
 Metaspace       used 124619K, committed 126848K, reserved 1179648K
  class space    used 16811K, committed 17920K, reserved 1048576K
}
Event: 411.840 GC heap before
{Heap before GC invocations=63 (full 0):
 garbage-first heap   total 212992K, used 189133K [0x0000000700000000, 0x0000000800000000)
  region size 2048K, 35 young (71680K), 4 survivors (8192K)
 Metaspace       used 125323K, committed 127616K, reserved 1179648K
  class space    used 16887K, committed 18048K, reserved 1048576K
}
Event: 411.910 GC heap after
{Heap after GC invocations=64 (full 0):
 garbage-first heap   total 256000K, used 127459K [0x0000000700000000, 0x0000000800000000)
  region size 2048K, 2 young (4096K), 2 survivors (4096K)
 Metaspace       used 125323K, committed 127616K, reserved 1179648K
  class space    used 16887K, committed 18048K, reserved 1048576K
}
Event: 418.820 GC heap before
{Heap before GC invocations=65 (full 0):
 garbage-first heap   total 307200K, used 231907K [0x0000000700000000, 0x0000000800000000)
  region size 2048K, 54 young (110592K), 2 survivors (4096K)
 Metaspace       used 125324K, committed 127616K, reserved 1179648K
  class space    used 16887K, committed 18048K, reserved 1048576K
}
Event: 418.885 GC heap after
{Heap after GC invocations=66 (full 0):
 garbage-first heap   total 307200K, used 127555K [0x0000000700000000, 0x0000000800000000)
  region size 2048K, 2 young (4096K), 2 survivors (4096K)
 Metaspace       used 125324K, committed 127616K, reserved 1179648K
  class space    used 16887K, committed 18048K, reserved 1048576K
}
Event: 419.182 GC heap before
{Heap before GC invocations=66 (full 0):
 garbage-first heap   total 307200K, used 137795K [0x0000000700000000, 0x0000000800000000)
  region size 2048K, 7 young (14336K), 2 survivors (4096K)
 Metaspace       used 125346K, committed 127616K, reserved 1179648K
  class space    used 16887K, committed 18048K, reserved 1048576K
}
Event: 419.456 GC heap after
{Heap after GC invocations=67 (full 0):
 garbage-first heap   total 307200K, used 127569K [0x0000000700000000, 0x0000000800000000)
  region size 2048K, 1 young (2048K), 1 survivors (2048K)
 Metaspace       used 125346K, committed 127616K, reserved 1179648K
  class space    used 16887K, committed 18048K, reserved 1048576K
}
Event: 438.647 GC heap before
{Heap before GC invocations=67 (full 0):
 garbage-first heap   total 307200K, used 285265K [0x0000000700000000, 0x0000000800000000)
  region size 2048K, 79 young (161792K), 1 survivors (2048K)
 Metaspace       used 125414K, committed 127680K, reserved 1179648K
  class space    used 16902K, committed 18048K, reserved 1048576K
}
Event: 439.625 GC heap after
{Heap after GC invocations=68 (full 0):
 garbage-first heap   total 307200K, used 127242K [0x0000000700000000, 0x0000000800000000)
  region size 2048K, 1 young (2048K), 1 survivors (2048K)
 Metaspace       used 125414K, committed 127680K, reserved 1179648K
  class space    used 16902K, committed 18048K, reserved 1048576K
}
Event: 440.045 GC heap before
{Heap before GC invocations=68 (full 0):
 garbage-first heap   total 307200K, used 170250K [0x0000000700000000, 0x0000000800000000)
  region size 2048K, 22 young (45056K), 1 survivors (2048K)
 Metaspace       used 125414K, committed 127680K, reserved 1179648K
  class space    used 16902K, committed 18048K, reserved 1048576K
}

