# JRE version: OpenJDK Runtime Environment (24.0.1+9) (build 24.0.1+9-30)
# Java VM: OpenJDK 64-Bit Server VM (24.0.1+9-30, mixed mode, sharing, tiered, compressed oops, compressed class ptrs, g1 gc, windows-amd64)
GC Precious Log:
 CardTable entry size: 512
 Card Set container configuration: InlinePtr #cards 4 size 8 Array Of Cards #cards 16 size 48 Howl #buckets 8 coarsen threshold 3686 Howl Bitmap #cards 512 size 80 coarsen threshold 460 Card regions per heap region 1 cards per card region 4096
 CPUs: 2 total, 2 available
 Memory: 3976M
 Large Page Support: Disabled
 NUMA Support: Disabled
 Compressed Oops: Enabled (Zero based)
 Heap Region Size: 2M
 Heap Min Capacity: 8M
 Heap Initial Capacity: 64M
 Heap Max Capacity: 4G
 Pre-touch: Disabled
 Parallel Workers: 2
 Concurrent Workers: 1
 Concurrent Refinement Workers: 2
 Periodic GC: Disabled
Heap:
 garbage-first heap   total reserved 4194304K, committed 294912K, used 182049K [0x0000000700000000, 0x0000000800000000)
  region size 2048K, 4 young (8192K), 2 survivors (4096K)
 Metaspace       used 149029K, committed 151552K, reserved 1245184K
  class space    used 15674K, committed 16896K, reserved 1048576K
GC Heap History (20 events):
Event: 407.878 GC heap before
{Heap before GC invocations=63 (full 0):
 garbage-first heap   total reserved 4194304K, committed 182272K, used 163521K [0x0000000700000000, 0x0000000800000000)
  region size 2048K, 18 young (36864K), 3 survivors (6144K)
 Metaspace       used 123210K, committed 125440K, reserved 1179648K
  class space    used 13265K, committed 14336K, reserved 1048576K
}
Event: 407.915 GC heap after
{Heap after GC invocations=64 (full 0):
 garbage-first heap   total reserved 4194304K, committed 219136K, used 136133K [0x0000000700000000, 0x0000000800000000)
  region size 2048K, 2 young (4096K), 2 survivors (4096K)
 Metaspace       used 123210K, committed 125440K, reserved 1179648K
  class space    used 13265K, committed 14336K, reserved 1048576K
}
Event: 427.634 GC heap before
{Heap before GC invocations=65 (full 0):
 garbage-first heap   total reserved 4194304K, committed 229376K, used 191429K [0x0000000700000000, 0x0000000800000000)
  region size 2048K, 29 young (59392K), 2 survivors (4096K)
 Metaspace       used 126539K, committed 128896K, reserved 1179648K
  class space    used 13555K, committed 14656K, reserved 1048576K
}
Event: 427.721 GC heap after
{Heap after GC invocations=66 (full 0):
 garbage-first heap   total reserved 4194304K, committed 229376K, used 147926K [0x0000000700000000, 0x0000000800000000)
  region size 2048K, 4 young (8192K), 4 survivors (8192K)
 Metaspace       used 126539K, committed 128896K, reserved 1179648K
  class space    used 13555K, committed 14656K, reserved 1048576K
}
Event: 446.846 GC heap before
{Heap before GC invocations=66 (full 0):
 garbage-first heap   total reserved 4194304K, committed 229376K, used 199126K [0x0000000700000000, 0x0000000800000000)
  region size 2048K, 30 young (61440K), 4 survivors (8192K)
 Metaspace       used 131837K, committed 134144K, reserved 1179648K
  class space    used 14082K, committed 15168K, reserved 1048576K
}
Event: 446.886 GC heap after
{Heap after GC invocations=67 (full 0):
 garbage-first heap   total reserved 4194304K, committed 229376K, used 152614K [0x0000000700000000, 0x0000000800000000)
  region size 2048K, 3 young (6144K), 3 survivors (6144K)
 Metaspace       used 131837K, committed 134144K, reserved 1179648K
  class space    used 14082K, committed 15168K, reserved 1048576K
}
Event: 449.156 GC heap before
{Heap before GC invocations=67 (full 0):
 garbage-first heap   total reserved 4194304K, committed 229376K, used 201766K [0x0000000700000000, 0x0000000800000000)
  region size 2048K, 28 young (57344K), 3 survivors (6144K)
 Metaspace       used 134566K, committed 136896K, reserved 1179648K
  class space    used 14345K, committed 15424K, reserved 1048576K
}
Event: 449.190 GC heap after
{Heap after GC invocations=68 (full 0):
 garbage-first heap   total reserved 4194304K, committed 229376K, used 155136K [0x0000000700000000, 0x0000000800000000)
  region size 2048K, 4 young (8192K), 4 survivors (8192K)
 Metaspace       used 134566K, committed 136896K, reserved 1179648K
  class space    used 14345K, committed 15424K, reserved 1048576K
}
Event: 453.538 GC heap before
{Heap before GC invocations=68 (full 0):
 garbage-first heap   total reserved 4194304K, committed 229376K, used 210432K [0x0000000700000000, 0x0000000800000000)
  region size 2048K, 29 young (59392K), 4 survivors (8192K)
 Metaspace       used 139147K, committed 141568K, reserved 1179648K
  class space    used 14808K, committed 15936K, reserved 1048576K
}
Event: 453.578 GC heap after
{Heap after GC invocations=69 (full 0):
 garbage-first heap   total reserved 4194304K, committed 229376K, used 162785K [0x0000000700000000, 0x0000000800000000)
  region size 2048K, 2 young (4096K), 2 survivors (4096K)
 Metaspace       used 139147K, committed 141568K, reserved 1179648K
  class space    used 14808K, committed 15936K, reserved 1048576K
}
Event: 458.411 GC heap before
{Heap before GC invocations=69 (full 0):
 garbage-first heap   total reserved 4194304K, committed 229376K, used 209889K [0x0000000700000000, 0x0000000800000000)
  region size 2048K, 25 young (51200K), 2 survivors (4096K)
 Metaspace       used 142145K, committed 144640K, reserved 1179648K
  class space    used 15139K, committed 16320K, reserved 1048576K
}
Event: 458.444 GC heap after
{Heap after GC invocations=70 (full 0):
 garbage-first heap   total reserved 4194304K, committed 229376K, used 164171K [0x0000000700000000, 0x0000000800000000)
  region size 2048K, 3 young (6144K), 3 survivors (6144K)
 Metaspace       used 142145K, committed 144640K, reserved 1179648K
  class space    used 15139K, committed 16320K, reserved 1048576K
}
Event: 485.819 GC heap before
{Heap before GC invocations=71 (full 0):
 garbage-first heap   total reserved 4194304K, committed 276480K, used 205131K [0x0000000700000000, 0x0000000800000000)
  region size 2048K, 23 young (47104K), 3 survivors (6144K)
 Metaspace       used 142294K, committed 144832K, reserved 1179648K
  class space    used 15161K, committed 16384K, reserved 1048576K
}
Event: 485.859 GC heap after
{Heap after GC invocations=72 (full 0):
 garbage-first heap   total reserved 4194304K, committed 276480K, used 168380K [0x0000000700000000, 0x0000000800000000)
  region size 2048K, 3 young (6144K), 3 survivors (6144K)
 Metaspace       used 142294K, committed 144832K, reserved 1179648K
  class space    used 15161K, committed 16384K, reserved 1048576K
}
Event: 501.203 GC heap before
{Heap before GC invocations=72 (full 0):
 garbage-first heap   total reserved 4194304K, committed 276480K, used 242108K [0x0000000700000000, 0x0000000800000000)
  region size 2048K, 40 young (81920K), 3 survivors (6144K)
 Metaspace       used 142441K, committed 145024K, reserved 1179648K
  class space    used 15161K, committed 16384K, reserved 1048576K
}
Event: 501.285 GC heap after
{Heap after GC invocations=73 (full 0):
 garbage-first heap   total reserved 4194304K, committed 276480K, used 165888K [0x0000000700000000, 0x0000000800000000)
  region size 2048K, 5 young (10240K), 5 survivors (10240K)
 Metaspace       used 142441K, committed 145024K, reserved 1179648K
  class space    used 15161K, committed 16384K, reserved 1048576K
}
Event: 506.896 GC heap before
{Heap before GC invocations=73 (full 0):
 garbage-first heap   total reserved 4194304K, committed 276480K, used 239616K [0x0000000700000000, 0x0000000800000000)
  region size 2048K, 41 young (83968K), 5 survivors (10240K)
 Metaspace       used 144136K, committed 146624K, reserved 1245184K
  class space    used 15185K, committed 16384K, reserved 1048576K
}
Event: 506.985 GC heap after
{Heap after GC invocations=74 (full 0):
 garbage-first heap   total reserved 4194304K, committed 276480K, used 175104K [0x0000000700000000, 0x0000000800000000)
  region size 2048K, 5 young (10240K), 5 survivors (10240K)
 Metaspace       used 144136K, committed 146624K, reserved 1245184K
  class space    used 15185K, committed 16384K, reserved 1048576K
}
Event: 520.160 GC heap before
{Heap before GC invocations=75 (full 0):
 garbage-first heap   total reserved 4194304K, committed 294912K, used 244736K [0x0000000700000000, 0x0000000800000000)
  region size 2048K, 39 young (79872K), 5 survivors (10240K)
 Metaspace       used 148918K, committed 151488K, reserved 1245184K
  class space    used 15662K, committed 16896K, reserved 1048576K
}
Event: 520.223 GC heap after
{Heap after GC invocations=76 (full 0):
 garbage-first heap   total reserved 4194304K, committed 294912K, used 180001K [0x0000000700000000, 0x0000000800000000)
  region size 2048K, 2 young (4096K), 2 survivors (4096K)
 Metaspace       used 148918K, committed 151488K, reserved 1245184K
  class space    used 15662K, committed 16896K, reserved 1048576K
}

