# JRE version: OpenJDK Runtime Environment (21.0.3) (build 21.0.3+-12282718-b509.11)
# Java VM: OpenJDK 64-Bit Server VM (21.0.3+-12282718-b509.11, mixed mode, tiered, compressed oops, compressed class ptrs, g1 gc, windows-amd64)
GC Precious Log:
 CardTable entry size: 512
 Card Set container configuration: InlinePtr #cards 4 size 8 Array Of Cards #cards 16 size 48 Howl #buckets 8 coarsen threshold 3686 Howl Bitmap #cards 512 size 80 coarsen threshold 460 Card regions per heap region 1 cards per card region 4096
 CPUs: 2 total, 2 available
 Memory: 3976M
 Large Page Support: Disabled
 NUMA Support: Disabled
 Compressed Oops: Enabled (Zero based)
 Heap Region Size: 2M
 Heap Min Capacity: 8M
 Heap Initial Capacity: 64M
 Heap Max Capacity: 4G
 Pre-touch: Disabled
 Parallel Workers: 2
 Concurrent Workers: 1
 Concurrent Refinement Workers: 2
 Periodic GC: Disabled
Heap:
 garbage-first heap   total 229376K, used 80119K [0x0000000700000000, 0x0000000800000000)
  region size 2048K, 5 young (10240K), 5 survivors (10240K)
 Metaspace       used 57424K, committed 58816K, reserved 1114112K
  class space    used 7642K, committed 8320K, reserved 1048576K
GC Heap History (20 events):
Event: 31.158 GC heap after
{Heap after GC invocations=43 (full 0):
 garbage-first heap   total 190464K, used 74804K [0x0000000700000000, 0x0000000800000000)
  region size 2048K, 3 young (6144K), 3 survivors (6144K)
 Metaspace       used 57391K, committed 58816K, reserved 1114112K
  class space    used 7641K, committed 8320K, reserved 1048576K
}
Event: 31.954 GC heap before
{Heap before GC invocations=43 (full 0):
 garbage-first heap   total 190464K, used 171060K [0x0000000700000000, 0x0000000800000000)
  region size 2048K, 50 young (102400K), 3 survivors (6144K)
 Metaspace       used 57392K, committed 58816K, reserved 1114112K
  class space    used 7641K, committed 8320K, reserved 1048576K
}
Event: 31.968 GC heap after
{Heap after GC invocations=44 (full 0):
 garbage-first heap   total 190464K, used 74014K [0x0000000700000000, 0x0000000800000000)
  region size 2048K, 3 young (6144K), 3 survivors (6144K)
 Metaspace       used 57392K, committed 58816K, reserved 1114112K
  class space    used 7641K, committed 8320K, reserved 1048576K
}
Event: 32.400 GC heap before
{Heap before GC invocations=44 (full 0):
 garbage-first heap   total 190464K, used 170270K [0x0000000700000000, 0x0000000800000000)
  region size 2048K, 50 young (102400K), 3 survivors (6144K)
 Metaspace       used 57392K, committed 58816K, reserved 1114112K
  class space    used 7641K, committed 8320K, reserved 1048576K
}
Event: 32.407 GC heap after
{Heap after GC invocations=45 (full 0):
 garbage-first heap   total 229376K, used 73738K [0x0000000700000000, 0x0000000800000000)
  region size 2048K, 3 young (6144K), 3 survivors (6144K)
 Metaspace       used 57392K, committed 58816K, reserved 1114112K
  class space    used 7641K, committed 8320K, reserved 1048576K
}
Event: 33.062 GC heap before
{Heap before GC invocations=46 (full 0):
 garbage-first heap   total 229376K, used 204810K [0x0000000700000000, 0x0000000800000000)
  region size 2048K, 67 young (137216K), 3 survivors (6144K)
 Metaspace       used 57392K, committed 58816K, reserved 1114112K
  class space    used 7641K, committed 8320K, reserved 1048576K
}
Event: 33.069 GC heap after
{Heap after GC invocations=47 (full 0):
 garbage-first heap   total 229376K, used 74384K [0x0000000700000000, 0x0000000800000000)
  region size 2048K, 3 young (6144K), 3 survivors (6144K)
 Metaspace       used 57392K, committed 58816K, reserved 1114112K
  class space    used 7641K, committed 8320K, reserved 1048576K
}
Event: 33.900 GC heap before
{Heap before GC invocations=47 (full 0):
 garbage-first heap   total 229376K, used 205456K [0x0000000700000000, 0x0000000800000000)
  region size 2048K, 67 young (137216K), 3 survivors (6144K)
 Metaspace       used 57396K, committed 58816K, reserved 1114112K
  class space    used 7642K, committed 8320K, reserved 1048576K
}
Event: 33.908 GC heap after
{Heap after GC invocations=48 (full 0):
 garbage-first heap   total 229376K, used 75002K [0x0000000700000000, 0x0000000800000000)
  region size 2048K, 3 young (6144K), 3 survivors (6144K)
 Metaspace       used 57396K, committed 58816K, reserved 1114112K
  class space    used 7642K, committed 8320K, reserved 1048576K
}
Event: 34.507 GC heap before
{Heap before GC invocations=49 (full 0):
 garbage-first heap   total 229376K, used 206074K [0x0000000700000000, 0x0000000800000000)
  region size 2048K, 67 young (137216K), 3 survivors (6144K)
 Metaspace       used 57401K, committed 58816K, reserved 1114112K
  class space    used 7642K, committed 8320K, reserved 1048576K
}
Event: 34.517 GC heap after
{Heap after GC invocations=50 (full 0):
 garbage-first heap   total 229376K, used 76050K [0x0000000700000000, 0x0000000800000000)
  region size 2048K, 3 young (6144K), 3 survivors (6144K)
 Metaspace       used 57401K, committed 58816K, reserved 1114112K
  class space    used 7642K, committed 8320K, reserved 1048576K
}
Event: 35.118 GC heap before
{Heap before GC invocations=50 (full 0):
 garbage-first heap   total 229376K, used 207122K [0x0000000700000000, 0x0000000800000000)
  region size 2048K, 67 young (137216K), 3 survivors (6144K)
 Metaspace       used 57401K, committed 58816K, reserved 1114112K
  class space    used 7642K, committed 8320K, reserved 1048576K
}
Event: 35.127 GC heap after
{Heap after GC invocations=51 (full 0):
 garbage-first heap   total 229376K, used 76390K [0x0000000700000000, 0x0000000800000000)
  region size 2048K, 3 young (6144K), 3 survivors (6144K)
 Metaspace       used 57401K, committed 58816K, reserved 1114112K
  class space    used 7642K, committed 8320K, reserved 1048576K
}
Event: 35.879 GC heap before
{Heap before GC invocations=52 (full 0):
 garbage-first heap   total 229376K, used 207462K [0x0000000700000000, 0x0000000800000000)
  region size 2048K, 67 young (137216K), 3 survivors (6144K)
 Metaspace       used 57402K, committed 58816K, reserved 1114112K
  class space    used 7642K, committed 8320K, reserved 1048576K
}
Event: 35.890 GC heap after
{Heap after GC invocations=53 (full 0):
 garbage-first heap   total 229376K, used 77405K [0x0000000700000000, 0x0000000800000000)
  region size 2048K, 4 young (8192K), 4 survivors (8192K)
 Metaspace       used 57402K, committed 58816K, reserved 1114112K
  class space    used 7642K, committed 8320K, reserved 1048576K
}
Event: 36.419 GC heap before
{Heap before GC invocations=53 (full 0):
 garbage-first heap   total 229376K, used 204381K [0x0000000700000000, 0x0000000800000000)
  region size 2048K, 66 young (135168K), 4 survivors (8192K)
 Metaspace       used 57404K, committed 58816K, reserved 1114112K
  class space    used 7642K, committed 8320K, reserved 1048576K
}
Event: 36.430 GC heap after
{Heap after GC invocations=54 (full 0):
 garbage-first heap   total 229376K, used 78263K [0x0000000700000000, 0x0000000800000000)
  region size 2048K, 4 young (8192K), 4 survivors (8192K)
 Metaspace       used 57404K, committed 58816K, reserved 1114112K
  class space    used 7642K, committed 8320K, reserved 1048576K
}
Event: 37.255 GC heap before
{Heap before GC invocations=55 (full 0):
 garbage-first heap   total 229376K, used 205239K [0x0000000700000000, 0x0000000800000000)
  region size 2048K, 66 young (135168K), 4 survivors (8192K)
 Metaspace       used 57414K, committed 58816K, reserved 1114112K
  class space    used 7642K, committed 8320K, reserved 1048576K
}
Event: 37.266 GC heap after
{Heap after GC invocations=56 (full 0):
 garbage-first heap   total 229376K, used 79189K [0x0000000700000000, 0x0000000800000000)
  region size 2048K, 4 young (8192K), 4 survivors (8192K)
 Metaspace       used 57414K, committed 58816K, reserved 1114112K
  class space    used 7642K, committed 8320K, reserved 1048576K
}
Event: 37.931 GC heap before
{Heap before GC invocations=56 (full 0):
 garbage-first heap   total 229376K, used 206165K [0x0000000700000000, 0x0000000800000000)
  region size 2048K, 66 young (135168K), 4 survivors (8192K)
 Metaspace       used 57424K, committed 58816K, reserved 1114112K
  class space    used 7642K, committed 8320K, reserved 1048576K
}

