# JRE version: OpenJDK Runtime Environment (21.0.3) (build 21.0.3+-12282718-b509.11)
# Java VM: OpenJDK 64-Bit Server VM (21.0.3+-12282718-b509.11, mixed mode, tiered, compressed oops, compressed class ptrs, g1 gc, windows-amd64)
GC Precious Log:
 CardTable entry size: 512
 Card Set container configuration: InlinePtr #cards 4 size 8 Array Of Cards #cards 16 size 48 Howl #buckets 8 coarsen threshold 3686 Howl Bitmap #cards 512 size 80 coarsen threshold 460 Card regions per heap region 1 cards per card region 4096
 CPUs: 2 total, 2 available
 Memory: 3976M
 Large Page Support: Disabled
 NUMA Support: Disabled
 Compressed Oops: Enabled (Zero based)
 Heap Region Size: 2M
 Heap Min Capacity: 8M
 Heap Initial Capacity: 64M
 Heap Max Capacity: 4G
 Pre-touch: Disabled
 Parallel Workers: 2
 Concurrent Workers: 1
 Concurrent Refinement Workers: 2
 Periodic GC: Disabled
Heap:
 garbage-first heap   total 765952K, used 323071K [0x0000000700000000, 0x0000000800000000)
  region size 2048K, 2 young (4096K), 2 survivors (4096K)
 Metaspace       used 145312K, committed 147648K, reserved 1179648K
  class space    used 19450K, committed 20608K, reserved 1048576K
GC Heap History (20 events):
Event: 3666.745 GC heap after
{Heap after GC invocations=112 (full 0):
 garbage-first heap   total 765952K, used 296741K [0x0000000700000000, 0x0000000800000000)
  region size 2048K, 3 young (6144K), 3 survivors (6144K)
 Metaspace       used 126772K, committed 129024K, reserved 1179648K
  class space    used 17290K, committed 18432K, reserved 1048576K
}
Event: 3677.377 GC heap before
{Heap before GC invocations=112 (full 0):
 garbage-first heap   total 765952K, used 327461K [0x0000000700000000, 0x0000000800000000)
  region size 2048K, 18 young (36864K), 3 survivors (6144K)
 Metaspace       used 126951K, committed 129280K, reserved 1179648K
  class space    used 17315K, committed 18496K, reserved 1048576K
}
Event: 3677.443 GC heap after
{Heap after GC invocations=113 (full 0):
 garbage-first heap   total 765952K, used 301912K [0x0000000700000000, 0x0000000800000000)
  region size 2048K, 2 young (4096K), 2 survivors (4096K)
 Metaspace       used 126951K, committed 129280K, reserved 1179648K
  class space    used 17315K, committed 18496K, reserved 1048576K
}
Event: 3689.848 GC heap before
{Heap before GC invocations=113 (full 0):
 garbage-first heap   total 765952K, used 332632K [0x0000000700000000, 0x0000000800000000)
  region size 2048K, 18 young (36864K), 2 survivors (4096K)
 Metaspace       used 130616K, committed 132928K, reserved 1179648K
  class space    used 17693K, committed 18880K, reserved 1048576K
}
Event: 3689.872 GC heap after
{Heap after GC invocations=114 (full 0):
 garbage-first heap   total 765952K, used 302170K [0x0000000700000000, 0x0000000800000000)
  region size 2048K, 2 young (4096K), 2 survivors (4096K)
 Metaspace       used 130616K, committed 132928K, reserved 1179648K
  class space    used 17693K, committed 18880K, reserved 1048576K
}
Event: 3721.026 GC heap before
{Heap before GC invocations=114 (full 0):
 garbage-first heap   total 765952K, used 332890K [0x0000000700000000, 0x0000000800000000)
  region size 2048K, 18 young (36864K), 2 survivors (4096K)
 Metaspace       used 134645K, committed 137024K, reserved 1179648K
  class space    used 18257K, committed 19456K, reserved 1048576K
}
Event: 3721.060 GC heap after
{Heap after GC invocations=115 (full 0):
 garbage-first heap   total 765952K, used 304294K [0x0000000700000000, 0x0000000800000000)
  region size 2048K, 2 young (4096K), 2 survivors (4096K)
 Metaspace       used 134645K, committed 137024K, reserved 1179648K
  class space    used 18257K, committed 19456K, reserved 1048576K
}
Event: 3722.524 GC heap before
{Heap before GC invocations=115 (full 0):
 garbage-first heap   total 765952K, used 335014K [0x0000000700000000, 0x0000000800000000)
  region size 2048K, 18 young (36864K), 2 survivors (4096K)
 Metaspace       used 137767K, committed 140096K, reserved 1179648K
  class space    used 18659K, committed 19840K, reserved 1048576K
}
Event: 3722.540 GC heap after
{Heap after GC invocations=116 (full 0):
 garbage-first heap   total 765952K, used 305024K [0x0000000700000000, 0x0000000800000000)
  region size 2048K, 2 young (4096K), 2 survivors (4096K)
 Metaspace       used 137767K, committed 140096K, reserved 1179648K
  class space    used 18659K, committed 19840K, reserved 1048576K
}
Event: 3723.641 GC heap before
{Heap before GC invocations=116 (full 0):
 garbage-first heap   total 765952K, used 339840K [0x0000000700000000, 0x0000000800000000)
  region size 2048K, 18 young (36864K), 2 survivors (4096K)
 Metaspace       used 140767K, committed 143104K, reserved 1179648K
  class space    used 19081K, committed 20288K, reserved 1048576K
}
Event: 3723.678 GC heap after
{Heap after GC invocations=117 (full 0):
 garbage-first heap   total 765952K, used 310775K [0x0000000700000000, 0x0000000800000000)
  region size 2048K, 3 young (6144K), 3 survivors (6144K)
 Metaspace       used 140767K, committed 143104K, reserved 1179648K
  class space    used 19081K, committed 20288K, reserved 1048576K
}
Event: 3724.251 GC heap before
{Heap before GC invocations=117 (full 0):
 garbage-first heap   total 765952K, used 341495K [0x0000000700000000, 0x0000000800000000)
  region size 2048K, 18 young (36864K), 3 survivors (6144K)
 Metaspace       used 140866K, committed 143232K, reserved 1179648K
  class space    used 19081K, committed 20288K, reserved 1048576K
}
Event: 3724.301 GC heap after
{Heap after GC invocations=118 (full 0):
 garbage-first heap   total 765952K, used 312237K [0x0000000700000000, 0x0000000800000000)
  region size 2048K, 1 young (2048K), 1 survivors (2048K)
 Metaspace       used 140866K, committed 143232K, reserved 1179648K
  class space    used 19081K, committed 20288K, reserved 1048576K
}
Event: 3726.278 GC heap before
{Heap before GC invocations=118 (full 0):
 garbage-first heap   total 765952K, used 408493K [0x0000000700000000, 0x0000000800000000)
  region size 2048K, 48 young (98304K), 1 survivors (2048K)
 Metaspace       used 140868K, committed 143232K, reserved 1179648K
  class space    used 19081K, committed 20288K, reserved 1048576K
}
Event: 3726.282 GC heap after
{Heap after GC invocations=119 (full 0):
 garbage-first heap   total 765952K, used 311582K [0x0000000700000000, 0x0000000800000000)
  region size 2048K, 1 young (2048K), 1 survivors (2048K)
 Metaspace       used 140868K, committed 143232K, reserved 1179648K
  class space    used 19081K, committed 20288K, reserved 1048576K
}
Event: 3730.216 GC heap before
{Heap before GC invocations=119 (full 0):
 garbage-first heap   total 765952K, used 456990K [0x0000000700000000, 0x0000000800000000)
  region size 2048K, 73 young (149504K), 1 survivors (2048K)
 Metaspace       used 144624K, committed 147008K, reserved 1179648K
  class space    used 19408K, committed 20608K, reserved 1048576K
}
Event: 3730.231 GC heap after
{Heap after GC invocations=120 (full 0):
 garbage-first heap   total 765952K, used 312210K [0x0000000700000000, 0x0000000800000000)
  region size 2048K, 2 young (4096K), 2 survivors (4096K)
 Metaspace       used 144624K, committed 147008K, reserved 1179648K
  class space    used 19408K, committed 20608K, reserved 1048576K
}
Event: 3825.195 GC heap before
{Heap before GC invocations=120 (full 0):
 garbage-first heap   total 765952K, used 430994K [0x0000000700000000, 0x0000000800000000)
  region size 2048K, 60 young (122880K), 2 survivors (4096K)
 Metaspace       used 145298K, committed 147648K, reserved 1179648K
  class space    used 19450K, committed 20608K, reserved 1048576K
}
Event: 3829.298 GC heap after
{Heap after GC invocations=121 (full 0):
 garbage-first heap   total 765952K, used 321381K [0x0000000700000000, 0x0000000800000000)
  region size 2048K, 6 young (12288K), 6 survivors (12288K)
 Metaspace       used 145298K, committed 147648K, reserved 1179648K
  class space    used 19450K, committed 20608K, reserved 1048576K
}
Event: 3956.959 GC heap before
{Heap before GC invocations=121 (full 0):
 garbage-first heap   total 765952K, used 345957K [0x0000000700000000, 0x0000000800000000)
  region size 2048K, 18 young (36864K), 6 survivors (12288K)
 Metaspace       used 145312K, committed 147648K, reserved 1179648K
  class space    used 19450K, committed 20608K, reserved 1048576K
}

