# JRE version: OpenJDK Runtime Environment (21.0.3) (build 21.0.3+-12282718-b509.11)
# Java VM: OpenJDK 64-Bit Server VM (21.0.3+-12282718-b509.11, mixed mode, tiered, compressed oops, compressed class ptrs, g1 gc, windows-amd64)
GC Precious Log:
 CardTable entry size: 512
 Card Set container configuration: InlinePtr #cards 4 size 8 Array Of Cards #cards 16 size 48 Howl #buckets 8 coarsen threshold 3686 Howl Bitmap #cards 512 size 80 coarsen threshold 460 Card regions per heap region 1 cards per card region 4096
 CPUs: 2 total, 2 available
 Memory: 3976M
 Large Page Support: Disabled
 NUMA Support: Disabled
 Compressed Oops: Enabled (Zero based)
 Heap Region Size: 2M
 Heap Min Capacity: 8M
 Heap Initial Capacity: 64M
 Heap Max Capacity: 4G
 Pre-touch: Disabled
 Parallel Workers: 2
 Concurrent Workers: 1
 Concurrent Refinement Workers: 2
 Periodic GC: Disabled
Heap:
 garbage-first heap   total 86016K, used 50712K [0x0000000700000000, 0x0000000800000000)
  region size 2048K, 4 young (8192K), 2 survivors (4096K)
 Metaspace       used 68169K, committed 69824K, reserved 1114112K
  class space    used 9285K, committed 10048K, reserved 1048576K
GC Heap History (20 events):
Event: 36.427 GC heap before
{Heap before GC invocations=16 (full 0):
 garbage-first heap   total 69632K, used 57033K [0x0000000700000000, 0x0000000800000000)
  region size 2048K, 11 young (22528K), 2 survivors (4096K)
 Metaspace       used 50420K, committed 51712K, reserved 1114112K
  class space    used 6769K, committed 7424K, reserved 1048576K
}
Event: 36.436 GC heap after
{Heap after GC invocations=17 (full 0):
 garbage-first heap   total 69632K, used 34679K [0x0000000700000000, 0x0000000800000000)
  region size 2048K, 1 young (2048K), 1 survivors (2048K)
 Metaspace       used 50420K, committed 51712K, reserved 1114112K
  class space    used 6769K, committed 7424K, reserved 1048576K
}
Event: 37.902 GC heap before
{Heap before GC invocations=17 (full 0):
 garbage-first heap   total 69632K, used 59255K [0x0000000700000000, 0x0000000800000000)
  region size 2048K, 13 young (26624K), 1 survivors (2048K)
 Metaspace       used 51913K, committed 53248K, reserved 1114112K
  class space    used 7002K, committed 7680K, reserved 1048576K
}
Event: 37.916 GC heap after
{Heap after GC invocations=18 (full 0):
 garbage-first heap   total 69632K, used 36108K [0x0000000700000000, 0x0000000800000000)
  region size 2048K, 2 young (4096K), 2 survivors (4096K)
 Metaspace       used 51913K, committed 53248K, reserved 1114112K
  class space    used 7002K, committed 7680K, reserved 1048576K
}
Event: 40.438 GC heap before
{Heap before GC invocations=18 (full 0):
 garbage-first heap   total 69632K, used 56588K [0x0000000700000000, 0x0000000800000000)
  region size 2048K, 12 young (24576K), 2 survivors (4096K)
 Metaspace       used 54402K, committed 55936K, reserved 1114112K
  class space    used 7437K, committed 8192K, reserved 1048576K
}
Event: 40.449 GC heap after
{Heap after GC invocations=19 (full 0):
 garbage-first heap   total 69632K, used 36332K [0x0000000700000000, 0x0000000800000000)
  region size 2048K, 1 young (2048K), 1 survivors (2048K)
 Metaspace       used 54402K, committed 55936K, reserved 1114112K
  class space    used 7437K, committed 8192K, reserved 1048576K
}
Event: 48.243 GC heap before
{Heap before GC invocations=20 (full 0):
 garbage-first heap   total 69632K, used 58860K [0x0000000700000000, 0x0000000800000000)
  region size 2048K, 13 young (26624K), 1 survivors (2048K)
 Metaspace       used 58374K, committed 59840K, reserved 1114112K
  class space    used 7866K, committed 8576K, reserved 1048576K
}
Event: 48.253 GC heap after
{Heap after GC invocations=21 (full 0):
 garbage-first heap   total 69632K, used 36671K [0x0000000700000000, 0x0000000800000000)
  region size 2048K, 2 young (4096K), 2 survivors (4096K)
 Metaspace       used 58374K, committed 59840K, reserved 1114112K
  class space    used 7866K, committed 8576K, reserved 1048576K
}
Event: 55.979 GC heap before
{Heap before GC invocations=21 (full 0):
 garbage-first heap   total 69632K, used 57151K [0x0000000700000000, 0x0000000800000000)
  region size 2048K, 12 young (24576K), 2 survivors (4096K)
 Metaspace       used 61006K, committed 62528K, reserved 1114112K
  class space    used 8256K, committed 9024K, reserved 1048576K
}
Event: 55.994 GC heap after
{Heap after GC invocations=22 (full 0):
 garbage-first heap   total 69632K, used 37151K [0x0000000700000000, 0x0000000800000000)
  region size 2048K, 2 young (4096K), 2 survivors (4096K)
 Metaspace       used 61006K, committed 62528K, reserved 1114112K
  class space    used 8256K, committed 9024K, reserved 1048576K
}
Event: 84.879 GC heap before
{Heap before GC invocations=22 (full 0):
 garbage-first heap   total 69632K, used 57631K [0x0000000700000000, 0x0000000800000000)
  region size 2048K, 12 young (24576K), 2 survivors (4096K)
 Metaspace       used 63383K, committed 64960K, reserved 1114112K
  class space    used 8616K, committed 9408K, reserved 1048576K
}
Event: 85.068 GC heap after
{Heap after GC invocations=23 (full 0):
 garbage-first heap   total 69632K, used 39934K [0x0000000700000000, 0x0000000800000000)
  region size 2048K, 2 young (4096K), 2 survivors (4096K)
 Metaspace       used 63383K, committed 64960K, reserved 1114112K
  class space    used 8616K, committed 9408K, reserved 1048576K
}
Event: 137.687 GC heap before
{Heap before GC invocations=24 (full 0):
 garbage-first heap   total 71680K, used 58366K [0x0000000700000000, 0x0000000800000000)
  region size 2048K, 11 young (22528K), 2 survivors (4096K)
 Metaspace       used 65215K, committed 66816K, reserved 1114112K
  class space    used 8934K, committed 9728K, reserved 1048576K
}
Event: 137.805 GC heap after
{Heap after GC invocations=25 (full 0):
 garbage-first heap   total 71680K, used 41194K [0x0000000700000000, 0x0000000800000000)
  region size 2048K, 1 young (2048K), 1 survivors (2048K)
 Metaspace       used 65215K, committed 66816K, reserved 1114112K
  class space    used 8934K, committed 9728K, reserved 1048576K
}
Event: 148.248 GC heap before
{Heap before GC invocations=25 (full 0):
 garbage-first heap   total 71680K, used 61674K [0x0000000700000000, 0x0000000800000000)
  region size 2048K, 11 young (22528K), 1 survivors (2048K)
 Metaspace       used 66912K, committed 68480K, reserved 1114112K
  class space    used 9149K, committed 9920K, reserved 1048576K
}
Event: 148.334 GC heap after
{Heap after GC invocations=26 (full 0):
 garbage-first heap   total 71680K, used 43369K [0x0000000700000000, 0x0000000800000000)
  region size 2048K, 2 young (4096K), 2 survivors (4096K)
 Metaspace       used 66912K, committed 68480K, reserved 1114112K
  class space    used 9149K, committed 9920K, reserved 1048576K
}
Event: 150.924 GC heap before
{Heap before GC invocations=26 (full 0):
 garbage-first heap   total 71680K, used 57705K [0x0000000700000000, 0x0000000800000000)
  region size 2048K, 10 young (20480K), 2 survivors (4096K)
 Metaspace       used 67647K, committed 69248K, reserved 1114112K
  class space    used 9235K, committed 10048K, reserved 1048576K
}
Event: 150.950 GC heap after
{Heap after GC invocations=27 (full 0):
 garbage-first heap   total 71680K, used 46510K [0x0000000700000000, 0x0000000800000000)
  region size 2048K, 2 young (4096K), 2 survivors (4096K)
 Metaspace       used 67647K, committed 69248K, reserved 1114112K
  class space    used 9235K, committed 10048K, reserved 1048576K
}
Event: 155.865 GC heap before
{Heap before GC invocations=28 (full 0):
 garbage-first heap   total 86016K, used 58798K [0x0000000700000000, 0x0000000800000000)
  region size 2048K, 8 young (16384K), 2 survivors (4096K)
 Metaspace       used 67730K, committed 69376K, reserved 1114112K
  class space    used 9236K, committed 10048K, reserved 1048576K
}
Event: 155.876 GC heap after
{Heap after GC invocations=29 (full 0):
 garbage-first heap   total 86016K, used 47746K [0x0000000700000000, 0x0000000800000000)
  region size 2048K, 1 young (2048K), 1 survivors (2048K)
 Metaspace       used 67730K, committed 69376K, reserved 1114112K
  class space    used 9236K, committed 10048K, reserved 1048576K
}

