# JRE version: OpenJDK Runtime Environment (21.0.3) (build 21.0.3+-12282718-b509.11)
# Java VM: OpenJDK 64-Bit Server VM (21.0.3+-12282718-b509.11, mixed mode, tiered, compressed oops, compressed class ptrs, g1 gc, windows-amd64)
GC Precious Log:
 CardTable entry size: 512
 Card Set container configuration: InlinePtr #cards 4 size 8 Array Of Cards #cards 16 size 48 Howl #buckets 8 coarsen threshold 3686 Howl Bitmap #cards 512 size 80 coarsen threshold 460 Card regions per heap region 1 cards per card region 4096
 CPUs: 2 total, 2 available
 Memory: 3976M
 Large Page Support: Disabled
 NUMA Support: Disabled
 Compressed Oops: Enabled (Zero based)
 Heap Region Size: 2M
 Heap Min Capacity: 8M
 Heap Initial Capacity: 64M
 Heap Max Capacity: 4G
 Pre-touch: Disabled
 Parallel Workers: 2
 Concurrent Workers: 1
 Concurrent Refinement Workers: 2
 Periodic GC: Disabled
Heap:
 garbage-first heap   total 141312K, used 92548K [0x0000000700000000, 0x0000000800000000)
  region size 2048K, 1 young (2048K), 1 survivors (2048K)
 Metaspace       used 90237K, committed 92032K, reserved 1179648K
  class space    used 12423K, committed 13312K, reserved 1048576K
GC Heap History (20 events):
Event: 177.719 GC heap after
{Heap after GC invocations=43 (full 0):
 garbage-first heap   total 100352K, used 55689K [0x0000000700000000, 0x0000000800000000)
  region size 2048K, 2 young (4096K), 2 survivors (4096K)
 Metaspace       used 71114K, committed 72832K, reserved 1114112K
  class space    used 9626K, committed 10496K, reserved 1048576K
}
Event: 179.185 GC heap before
{Heap before GC invocations=43 (full 0):
 garbage-first heap   total 100352K, used 86409K [0x0000000700000000, 0x0000000800000000)
  region size 2048K, 18 young (36864K), 2 survivors (4096K)
 Metaspace       used 72360K, committed 74048K, reserved 1114112K
  class space    used 9794K, committed 10624K, reserved 1048576K
}
Event: 179.197 GC heap after
{Heap after GC invocations=44 (full 0):
 garbage-first heap   total 100352K, used 57137K [0x0000000700000000, 0x0000000800000000)
  region size 2048K, 3 young (6144K), 3 survivors (6144K)
 Metaspace       used 72360K, committed 74048K, reserved 1114112K
  class space    used 9794K, committed 10624K, reserved 1048576K
}
Event: 198.626 GC heap before
{Heap before GC invocations=45 (full 0):
 garbage-first heap   total 102400K, used 83761K [0x0000000700000000, 0x0000000800000000)
  region size 2048K, 17 young (34816K), 3 survivors (6144K)
 Metaspace       used 76982K, committed 78784K, reserved 1179648K
  class space    used 10366K, committed 11264K, reserved 1048576K
}
Event: 198.670 GC heap after
{Heap after GC invocations=46 (full 0):
 garbage-first heap   total 102400K, used 57889K [0x0000000700000000, 0x0000000800000000)
  region size 2048K, 1 young (2048K), 1 survivors (2048K)
 Metaspace       used 76982K, committed 78784K, reserved 1179648K
  class space    used 10366K, committed 11264K, reserved 1048576K
}
Event: 227.285 GC heap before
{Heap before GC invocations=46 (full 0):
 garbage-first heap   total 102400K, used 92705K [0x0000000700000000, 0x0000000800000000)
  region size 2048K, 18 young (36864K), 1 survivors (2048K)
 Metaspace       used 83311K, committed 85056K, reserved 1179648K
  class space    used 11440K, committed 12288K, reserved 1048576K
}
Event: 227.984 GC heap after
{Heap after GC invocations=47 (full 0):
 garbage-first heap   total 102400K, used 58183K [0x0000000700000000, 0x0000000800000000)
  region size 2048K, 1 young (2048K), 1 survivors (2048K)
 Metaspace       used 83311K, committed 85056K, reserved 1179648K
  class space    used 11440K, committed 12288K, reserved 1048576K
}
Event: 232.289 GC heap before
{Heap before GC invocations=47 (full 0):
 garbage-first heap   total 102400K, used 62279K [0x0000000700000000, 0x0000000800000000)
  region size 2048K, 3 young (6144K), 1 survivors (2048K)
 Metaspace       used 84105K, committed 85888K, reserved 1179648K
  class space    used 11618K, committed 12480K, reserved 1048576K
}
Event: 232.337 GC heap after
{Heap after GC invocations=48 (full 0):
 garbage-first heap   total 122880K, used 58336K [0x0000000700000000, 0x0000000800000000)
  region size 2048K, 1 young (2048K), 1 survivors (2048K)
 Metaspace       used 84105K, committed 85888K, reserved 1179648K
  class space    used 11618K, committed 12480K, reserved 1048576K
}
Event: 242.933 GC heap before
{Heap before GC invocations=49 (full 0):
 garbage-first heap   total 122880K, used 117728K [0x0000000700000000, 0x0000000800000000)
  region size 2048K, 28 young (57344K), 1 survivors (2048K)
 Metaspace       used 85825K, committed 87616K, reserved 1179648K
  class space    used 11918K, committed 12800K, reserved 1048576K
}
Event: 242.981 GC heap after
{Heap after GC invocations=50 (full 0):
 garbage-first heap   total 139264K, used 74143K [0x0000000700000000, 0x0000000800000000)
  region size 2048K, 4 young (8192K), 4 survivors (8192K)
 Metaspace       used 85825K, committed 87616K, reserved 1179648K
  class space    used 11918K, committed 12800K, reserved 1048576K
}
Event: 243.121 GC heap before
{Heap before GC invocations=50 (full 0):
 garbage-first heap   total 139264K, used 76191K [0x0000000700000000, 0x0000000800000000)
  region size 2048K, 5 young (10240K), 4 survivors (8192K)
 Metaspace       used 85825K, committed 87616K, reserved 1179648K
  class space    used 11918K, committed 12800K, reserved 1048576K
}
Event: 243.167 GC heap after
{Heap after GC invocations=51 (full 0):
 garbage-first heap   total 139264K, used 75125K [0x0000000700000000, 0x0000000800000000)
  region size 2048K, 1 young (2048K), 1 survivors (2048K)
 Metaspace       used 85825K, committed 87616K, reserved 1179648K
  class space    used 11918K, committed 12800K, reserved 1048576K
}
Event: 243.244 GC heap before
{Heap before GC invocations=51 (full 0):
 garbage-first heap   total 139264K, used 79221K [0x0000000700000000, 0x0000000800000000)
  region size 2048K, 4 young (8192K), 1 survivors (2048K)
 Metaspace       used 85826K, committed 87616K, reserved 1179648K
  class space    used 11918K, committed 12800K, reserved 1048576K
}
Event: 243.250 GC heap after
{Heap after GC invocations=52 (full 0):
 garbage-first heap   total 139264K, used 76224K [0x0000000700000000, 0x0000000800000000)
  region size 2048K, 2 young (4096K), 2 survivors (4096K)
 Metaspace       used 85826K, committed 87616K, reserved 1179648K
  class space    used 11918K, committed 12800K, reserved 1048576K
}
Event: 243.782 GC heap before
{Heap before GC invocations=53 (full 0):
 garbage-first heap   total 141312K, used 117184K [0x0000000700000000, 0x0000000800000000)
  region size 2048K, 20 young (40960K), 2 survivors (4096K)
 Metaspace       used 85827K, committed 87616K, reserved 1179648K
  class space    used 11918K, committed 12800K, reserved 1048576K
}
Event: 243.815 GC heap after
{Heap after GC invocations=54 (full 0):
 garbage-first heap   total 141312K, used 92160K [0x0000000700000000, 0x0000000800000000)
  region size 2048K, 3 young (6144K), 3 survivors (6144K)
 Metaspace       used 85827K, committed 87616K, reserved 1179648K
  class space    used 11918K, committed 12800K, reserved 1048576K
}
Event: 244.757 GC heap before
{Heap before GC invocations=54 (full 0):
 garbage-first heap   total 141312K, used 120832K [0x0000000700000000, 0x0000000800000000)
  region size 2048K, 17 young (34816K), 3 survivors (6144K)
 Metaspace       used 87371K, committed 89152K, reserved 1179648K
  class space    used 12111K, committed 12992K, reserved 1048576K
}
Event: 244.787 GC heap after
{Heap after GC invocations=55 (full 0):
 garbage-first heap   total 141312K, used 90557K [0x0000000700000000, 0x0000000800000000)
  region size 2048K, 3 young (6144K), 3 survivors (6144K)
 Metaspace       used 87371K, committed 89152K, reserved 1179648K
  class space    used 12111K, committed 12992K, reserved 1048576K
}
Event: 245.370 GC heap before
{Heap before GC invocations=55 (full 0):
 garbage-first heap   total 141312K, used 108989K [0x0000000700000000, 0x0000000800000000)
  region size 2048K, 13 young (26624K), 3 survivors (6144K)
 Metaspace       used 90237K, committed 92032K, reserved 1179648K
  class space    used 12423K, committed 13312K, reserved 1048576K
}

