# JRE version: OpenJDK Runtime Environment (21.0.3) (build 21.0.3+-12282718-b509.11)
# Java VM: OpenJDK 64-Bit Server VM (21.0.3+-12282718-b509.11, mixed mode, tiered, compressed oops, compressed class ptrs, g1 gc, windows-amd64)
GC Precious Log:
 CardTable entry size: 512
 Card Set container configuration: InlinePtr #cards 4 size 8 Array Of Cards #cards 16 size 48 Howl #buckets 8 coarsen threshold 3686 Howl Bitmap #cards 512 size 80 coarsen threshold 460 Card regions per heap region 1 cards per card region 4096
 CPUs: 2 total, 2 available
 Memory: 3976M
 Large Page Support: Disabled
 NUMA Support: Disabled
 Compressed Oops: Enabled (Zero based)
 Heap Region Size: 2M
 Heap Min Capacity: 8M
 Heap Initial Capacity: 64M
 Heap Max Capacity: 4G
 Pre-touch: Disabled
 Parallel Workers: 2
 Concurrent Workers: 1
 Concurrent Refinement Workers: 2
 Periodic GC: Disabled
Heap:
 garbage-first heap   total 116736K, used 73665K [0x0000000700000000, 0x0000000800000000)
  region size 2048K, 2 young (4096K), 1 survivors (2048K)
 Metaspace       used 74595K, committed 76288K, reserved 1114112K
  class space    used 10103K, committed 10944K, reserved 1048576K
GC Heap History (20 events):
Event: 218.900 GC heap before
{Heap before GC invocations=28 (full 0):
 garbage-first heap   total 79872K, used 67584K [0x0000000700000000, 0x0000000800000000)
  region size 2048K, 13 young (26624K), 2 survivors (4096K)
 Metaspace       used 65632K, committed 67200K, reserved 1114112K
  class space    used 8996K, committed 9792K, reserved 1048576K
}
Event: 218.912 GC heap after
{Heap after GC invocations=29 (full 0):
 garbage-first heap   total 79872K, used 49743K [0x0000000700000000, 0x0000000800000000)
  region size 2048K, 2 young (4096K), 2 survivors (4096K)
 Metaspace       used 65632K, committed 67200K, reserved 1114112K
  class space    used 8996K, committed 9792K, reserved 1048576K
}
Event: 219.894 GC heap before
{Heap before GC invocations=30 (full 0):
 garbage-first heap   total 90112K, used 68175K [0x0000000700000000, 0x0000000800000000)
  region size 2048K, 11 young (22528K), 2 survivors (4096K)
 Metaspace       used 65887K, committed 67584K, reserved 1114112K
  class space    used 9023K, committed 9856K, reserved 1048576K
}
Event: 219.903 GC heap after
{Heap after GC invocations=31 (full 0):
 garbage-first heap   total 90112K, used 50362K [0x0000000700000000, 0x0000000800000000)
  region size 2048K, 2 young (4096K), 2 survivors (4096K)
 Metaspace       used 65887K, committed 67584K, reserved 1114112K
  class space    used 9023K, committed 9856K, reserved 1048576K
}
Event: 220.695 GC heap before
{Heap before GC invocations=31 (full 0):
 garbage-first heap   total 90112K, used 79034K [0x0000000700000000, 0x0000000800000000)
  region size 2048K, 16 young (32768K), 2 survivors (4096K)
 Metaspace       used 66013K, committed 67648K, reserved 1114112K
  class space    used 9023K, committed 9856K, reserved 1048576K
}
Event: 220.707 GC heap after
{Heap after GC invocations=32 (full 0):
 garbage-first heap   total 90112K, used 50641K [0x0000000700000000, 0x0000000800000000)
  region size 2048K, 2 young (4096K), 2 survivors (4096K)
 Metaspace       used 66013K, committed 67648K, reserved 1114112K
  class space    used 9023K, committed 9856K, reserved 1048576K
}
Event: 221.569 GC heap before
{Heap before GC invocations=32 (full 0):
 garbage-first heap   total 90112K, used 79313K [0x0000000700000000, 0x0000000800000000)
  region size 2048K, 16 young (32768K), 2 survivors (4096K)
 Metaspace       used 66048K, committed 67712K, reserved 1114112K
  class space    used 9024K, committed 9856K, reserved 1048576K
}
Event: 221.578 GC heap after
{Heap after GC invocations=33 (full 0):
 garbage-first heap   total 90112K, used 50854K [0x0000000700000000, 0x0000000800000000)
  region size 2048K, 2 young (4096K), 2 survivors (4096K)
 Metaspace       used 66048K, committed 67712K, reserved 1114112K
  class space    used 9024K, committed 9856K, reserved 1048576K
}
Event: 222.466 GC heap before
{Heap before GC invocations=34 (full 0):
 garbage-first heap   total 92160K, used 77478K [0x0000000700000000, 0x0000000800000000)
  region size 2048K, 15 young (30720K), 2 survivors (4096K)
 Metaspace       used 66052K, committed 67712K, reserved 1114112K
  class space    used 9024K, committed 9856K, reserved 1048576K
}
Event: 222.478 GC heap after
{Heap after GC invocations=35 (full 0):
 garbage-first heap   total 92160K, used 51432K [0x0000000700000000, 0x0000000800000000)
  region size 2048K, 2 young (4096K), 2 survivors (4096K)
 Metaspace       used 66052K, committed 67712K, reserved 1114112K
  class space    used 9024K, committed 9856K, reserved 1048576K
}
Event: 223.039 GC heap before
{Heap before GC invocations=35 (full 0):
 garbage-first heap   total 92160K, used 80104K [0x0000000700000000, 0x0000000800000000)
  region size 2048K, 16 young (32768K), 2 survivors (4096K)
 Metaspace       used 66064K, committed 67712K, reserved 1114112K
  class space    used 9025K, committed 9856K, reserved 1048576K
}
Event: 223.051 GC heap after
{Heap after GC invocations=36 (full 0):
 garbage-first heap   total 110592K, used 51195K [0x0000000700000000, 0x0000000800000000)
  region size 2048K, 2 young (4096K), 2 survivors (4096K)
 Metaspace       used 66064K, committed 67712K, reserved 1114112K
  class space    used 9025K, committed 9856K, reserved 1048576K
}
Event: 229.600 GC heap before
{Heap before GC invocations=36 (full 0):
 garbage-first heap   total 110592K, used 69627K [0x0000000700000000, 0x0000000800000000)
  region size 2048K, 13 young (26624K), 2 survivors (4096K)
 Metaspace       used 66762K, committed 68416K, reserved 1114112K
  class space    used 9113K, committed 9920K, reserved 1048576K
}
Event: 229.627 GC heap after
{Heap after GC invocations=37 (full 0):
 garbage-first heap   total 110592K, used 55781K [0x0000000700000000, 0x0000000800000000)
  region size 2048K, 3 young (6144K), 3 survivors (6144K)
 Metaspace       used 66762K, committed 68416K, reserved 1114112K
  class space    used 9113K, committed 9920K, reserved 1048576K
}
Event: 247.226 GC heap before
{Heap before GC invocations=38 (full 0):
 garbage-first heap   total 110592K, used 98789K [0x0000000700000000, 0x0000000800000000)
  region size 2048K, 21 young (43008K), 3 survivors (6144K)
 Metaspace       used 68840K, committed 70528K, reserved 1114112K
  class space    used 9408K, committed 10240K, reserved 1048576K
}
Event: 247.253 GC heap after
{Heap after GC invocations=39 (full 0):
 garbage-first heap   total 116736K, used 72603K [0x0000000700000000, 0x0000000800000000)
  region size 2048K, 3 young (6144K), 3 survivors (6144K)
 Metaspace       used 68840K, committed 70528K, reserved 1114112K
  class space    used 9408K, committed 10240K, reserved 1048576K
}
Event: 249.057 GC heap before
{Heap before GC invocations=39 (full 0):
 garbage-first heap   total 116736K, used 99227K [0x0000000700000000, 0x0000000800000000)
  region size 2048K, 17 young (34816K), 3 survivors (6144K)
 Metaspace       used 71358K, committed 73024K, reserved 1114112K
  class space    used 9728K, committed 10560K, reserved 1048576K
}
Event: 249.070 GC heap after
{Heap after GC invocations=40 (full 0):
 garbage-first heap   total 116736K, used 73238K [0x0000000700000000, 0x0000000800000000)
  region size 2048K, 1 young (2048K), 1 survivors (2048K)
 Metaspace       used 71358K, committed 73024K, reserved 1114112K
  class space    used 9728K, committed 10560K, reserved 1048576K
}
Event: 250.875 GC heap before
{Heap before GC invocations=40 (full 0):
 garbage-first heap   total 116736K, used 99862K [0x0000000700000000, 0x0000000800000000)
  region size 2048K, 15 young (30720K), 1 survivors (2048K)
 Metaspace       used 74595K, committed 76288K, reserved 1114112K
  class space    used 10103K, committed 10944K, reserved 1048576K
}
Event: 250.887 GC heap after
{Heap after GC invocations=41 (full 0):
 garbage-first heap   total 116736K, used 73665K [0x0000000700000000, 0x0000000800000000)
  region size 2048K, 1 young (2048K), 1 survivors (2048K)
 Metaspace       used 74595K, committed 76288K, reserved 1114112K
  class space    used 10103K, committed 10944K, reserved 1048576K
}

